[08:41:06] In getDomainsList
[08:41:06] Connected successfully
[08:41:06] Query: SELECT domain, domain_id FROM domains WHERE Tld='.ru'
[08:41:06] $VAR1 = {
          'opennet.ru' => '11',
          'bugaga.ru' => '17',
          'trinixy.ru' => '15',
          'popmech.ru' => '21',
          'sql.ru' => '20',
          'habrahabr.ru' => '12',
          'render.ru' => '1',
          'yandex.ru' => '2',
          'reg.ru' => '13',
          'dwg.ru' => '19',
          'rambler.ru' => '3',
          'nefart.ru' => '18',
          'webpark.ru' => '16',
          'warez.ru' => '14'
        };

[08:41:06] Closing database connection
[08:41:07] In saveWhoisInfo
[08:41:07] Connected successfully
[08:41:07] Query: INSERT whois_data (info, sync_date, domain_id)  VALUES ('% By submitting a query to RIPN\'s Whois Service\n% you agree to abide by the following terms of use:\n% http://www.ripn.net/about/servpol.html#3.2 (in Russian) \n% http://www.ripn.net/about/en/servpol.html#3.2 (in English).\n\ndomain:     OPENNET.RU\nnserver:    ns.opennet.ru. 77.234.201.246\nnserver:    ns2.tyumen.ru.\nnserver:    ns3.tyumen.ru.\nstate:      REGISTERED, DELEGATED, UNVERIFIED\nperson:     Private Person\ne-mail:     mc@tyumen.ru\ne-mail:     maxim.chirkov@gmail.com\nregistrar:  RU-CENTER-REG-RIPN\ncreated:    1998.06.11\npaid-till:  2012.07.01\nsource:     TCI\n\nLast updated on 2011.10.23 09:35:46 MSK/MSD\n\n', NOW(), '11')
[08:41:07] Closing database connection
[08:41:07] WhoisInfo has been saved successfully
[08:41:08] In saveWhoisInfo
[08:41:08] Connected successfully
[08:41:08] Query: INSERT whois_data (info, sync_date, domain_id)  VALUES ('% By submitting a query to RIPN\'s Whois Service\n% you agree to abide by the following terms of use:\n% http://www.ripn.net/about/servpol.html#3.2 (in Russian) \n% http://www.ripn.net/about/en/servpol.html#3.2 (in English).\n\ndomain:     BUGAGA.RU\nnserver:    ns1.draldo.com.\nnserver:    ns2.draldo.com.\nstate:      REGISTERED, DELEGATED, VERIFIED\nperson:     Private Person\ne-mail:     alex@100stars.net\nregistrar:  R01-REG-RIPN\ncreated:    2005.12.21\npaid-till:  2011.12.21\nsource:     TCI\n\nLast updated on 2011.10.23 09:35:46 MSK/MSD\n\n', NOW(), '17')
[08:41:08] Closing database connection
[08:41:08] WhoisInfo has been saved successfully
[08:41:08] In saveWhoisInfo
[08:41:08] Connected successfully
[08:41:08] Query: INSERT whois_data (info, sync_date, domain_id)  VALUES ('% By submitting a query to RIPN\'s Whois Service\n% you agree to abide by the following terms of use:\n% http://www.ripn.net/about/servpol.html#3.2 (in Russian) \n% http://www.ripn.net/about/en/servpol.html#3.2 (in English).\n\ndomain:     TRINIXY.RU\nnserver:    ns1.trinixy.com.\nnserver:    ns2.trinixy.com.\nstate:      REGISTERED, DELEGATED, VERIFIED\nperson:     Private Person\ne-mail:     admin@trinixy.ru\nregistrar:  RU-CENTER-REG-RIPN\ncreated:    2006.12.18\npaid-till:  2011.12.18\nsource:     TCI\n\nLast updated on 2011.10.23 09:35:46 MSK/MSD\n\n', NOW(), '15')
[08:41:08] Closing database connection
[08:41:08] WhoisInfo has been saved successfully
[08:41:08] In saveWhoisInfo
[08:41:08] Connected successfully
[08:41:08] Query: INSERT whois_data (info, sync_date, domain_id)  VALUES ('% By submitting a query to RIPN\'s Whois Service\n% you agree to abide by the following terms of use:\n% http://www.ripn.net/about/servpol.html#3.2 (in Russian) \n% http://www.ripn.net/about/en/servpol.html#3.2 (in English).\n\ndomain:     POPMECH.RU\nnserver:    ns1.imedia.ru.\nnserver:    ns2.imedia.ru.\nnserver:    ns3.imedia.ru.\nstate:      REGISTERED, DELEGATED, VERIFIED\norg:        United Press\nphone:      +7 095 2329262\nphone:      +7 095 2323200\nfax-no:     +7 095 2329272\ne-mail:     noc@imedia.ru\nregistrar:  RU-CENTER-REG-RIPN\ncreated:    2005.10.19\npaid-till:  2012.10.19\nsource:     TCI\n\nLast updated on 2011.10.23 09:35:46 MSK/MSD\n\n', NOW(), '21')
[08:41:08] Closing database connection
[08:41:08] WhoisInfo has been saved successfully
[08:41:08] In saveWhoisInfo
[08:41:09] Connected successfully
[08:41:09] Query: INSERT whois_data (info, sync_date, domain_id)  VALUES ('% By submitting a query to RIPN\'s Whois Service\n% you agree to abide by the following terms of use:\n% http://www.ripn.net/about/servpol.html#3.2 (in Russian) \n% http://www.ripn.net/about/en/servpol.html#3.2 (in English).\n\ndomain:     SQL.RU\nnserver:    ns01.parking.ru.\nnserver:    ns11.parking.ru.\nstate:      REGISTERED, DELEGATED, VERIFIED\nperson:     Private Person\ne-mail:     admin@sql.ru\nregistrar:  RU-CENTER-REG-RIPN\ncreated:    2000.03.20\npaid-till:  2012.04.01\nsource:     TCI\n\nLast updated on 2011.10.23 09:35:46 MSK/MSD\n\n', NOW(), '20')
[08:41:09] Closing database connection
[08:41:09] WhoisInfo has been saved successfully
[08:41:09] In saveWhoisInfo
[08:41:09] Connected successfully
[08:41:09] Query: INSERT whois_data (info, sync_date, domain_id)  VALUES ('% By submitting a query to RIPN\'s Whois Service\n% you agree to abide by the following terms of use:\n% http://www.ripn.net/about/servpol.html#3.2 (in Russian) \n% http://www.ripn.net/about/en/servpol.html#3.2 (in English).\n\ndomain:     HABRAHABR.RU\nnserver:    ns1.habradns.net.\nnserver:    ns2.habradns.net.\nstate:      REGISTERED, DELEGATED, UNVERIFIED\norg:        Invento Holdings Limited\nphone:      +7 495 0000000\nfax-no:     +7 495 0000000\ne-mail:     deniskin@gmail.com\ne-mail:     servers@thematicmedia.ru\nregistrar:  REGISTRATOR-REG-RIPN\ncreated:    2006.04.18\npaid-till:  2012.04.18\nsource:     TCI\n\nLast updated on 2011.10.23 09:35:46 MSK/MSD\n\n', NOW(), '12')
[08:41:09] Closing database connection
[08:41:09] WhoisInfo has been saved successfully
[08:41:09] In saveWhoisInfo
[08:41:09] Connected successfully
[08:41:09] Query: INSERT whois_data (info, sync_date, domain_id)  VALUES ('% By submitting a query to RIPN\'s Whois Service\n% you agree to abide by the following terms of use:\n% http://www.ripn.net/about/servpol.html#3.2 (in Russian) \n% http://www.ripn.net/about/en/servpol.html#3.2 (in English).\n\ndomain:     RENDER.RU\nnserver:    ns1.render.ru. 81.9.6.2\nnserver:    ns2.render.ru. 81.222.132.251\nstate:      REGISTERED, DELEGATED, VERIFIED\nperson:     Private Person\ne-mail:     stas@als.ru\ne-mail:     tech@als.ru\nregistrar:  RU-CENTER-REG-RIPN\ncreated:    1999.11.19\npaid-till:  2011.12.01\nsource:     TCI\n\nLast updated on 2011.10.23 09:35:46 MSK/MSD\n\n', NOW(), '1')
[08:41:09] Closing database connection
[08:41:09] WhoisInfo has been saved successfully
[08:41:09] In saveWhoisInfo
[08:41:09] Connected successfully
[08:41:09] Query: INSERT whois_data (info, sync_date, domain_id)  VALUES ('% By submitting a query to RIPN\'s Whois Service\n% you agree to abide by the following terms of use:\n% http://www.ripn.net/about/servpol.html#3.2 (in Russian) \n% http://www.ripn.net/about/en/servpol.html#3.2 (in English).\n\ndomain:     YANDEX.RU\nnserver:    ns1.yandex.ru. 213.180.193.1\nnserver:    ns2.yandex.ru. 213.180.199.34\nnserver:    ns4.yandex.ru. 77.88.19.60\nnserver:    ns5.yandex.ru. 213.180.204.1\nstate:      REGISTERED, DELEGATED, VERIFIED\norg:        YANDEX, LLC.\nphone:      +7 495 7397000\nfax-no:     +7 495 7397070\ne-mail:     noc@yandex.net\nregistrar:  RU-CENTER-REG-RIPN\ncreated:    1997.09.23\npaid-till:  2012.10.01\nsource:     TCI\n\nLast updated on 2011.10.23 09:35:46 MSK/MSD\n\n', NOW(), '2')
[08:41:09] Closing database connection
[08:41:09] WhoisInfo has been saved successfully
[08:41:10] In saveWhoisInfo
[08:41:10] Connected successfully
[08:41:10] Query: INSERT whois_data (info, sync_date, domain_id)  VALUES ('% By submitting a query to RIPN\'s Whois Service\n% you agree to abide by the following terms of use:\n% http://www.ripn.net/about/servpol.html#3.2 (in Russian) \n% http://www.ripn.net/about/en/servpol.html#3.2 (in English).\n\ndomain:     REG.RU\nnserver:    ns1.reg.ru. 83.222.2.69\nnserver:    ns2.reg.ru. 178.218.208.130\nstate:      REGISTERED, DELEGATED, VERIFIED\norg:        Domain name registrar REG.RU Ltd.\nphone:      +7 495 5801111\nfax-no:     +7 495 4915553\ne-mail:     info@reg.ru\nregistrar:  REGRU-REG-RIPN\ncreated:    2005.11.01\npaid-till:  2012.11.01\nsource:     TCI\n\nLast updated on 2011.10.23 09:35:46 MSK/MSD\n\n', NOW(), '13')
[08:41:10] Closing database connection
[08:41:10] WhoisInfo has been saved successfully
[08:41:10] In saveWhoisInfo
[08:41:10] Connected successfully
[08:41:10] Query: INSERT whois_data (info, sync_date, domain_id)  VALUES ('% By submitting a query to RIPN\'s Whois Service\n% you agree to abide by the following terms of use:\n% http://www.ripn.net/about/servpol.html#3.2 (in Russian) \n% http://www.ripn.net/about/en/servpol.html#3.2 (in English).\n\ndomain:     DWG.RU\nnserver:    ns3.nic.ru.\nnserver:    ns4.nic.ru.\nnserver:    ns8.nic.ru.\nstate:      REGISTERED, DELEGATED, VERIFIED\nperson:     Private Person\ne-mail:     autokad@mail.ru\nregistrar:  RU-CENTER-REG-RIPN\ncreated:    2004.07.28\npaid-till:  2012.07.28\nsource:     TCI\n\nLast updated on 2011.10.23 09:35:46 MSK/MSD\n\n', NOW(), '19')
[08:41:10] Closing database connection
[08:41:10] WhoisInfo has been saved successfully
[08:41:10] In saveWhoisInfo
[08:41:10] Connected successfully
[08:41:10] Query: INSERT whois_data (info, sync_date, domain_id)  VALUES ('% By submitting a query to RIPN\'s Whois Service\n% you agree to abide by the following terms of use:\n% http://www.ripn.net/about/servpol.html#3.2 (in Russian) \n% http://www.ripn.net/about/en/servpol.html#3.2 (in English).\n\ndomain:     RAMBLER.RU\nnserver:    ns2.rambler.ru. 81.19.66.61\nnserver:    ns3.rambler.ru. 81.19.66.62\nnserver:    ns4.rambler.ru. 81.19.67.89\nnserver:    ns5.rambler.ru. 81.19.67.90\nstate:      REGISTERED, DELEGATED, VERIFIED\norg:        Rambler Internet Holdings, LLC\nphone:      +7 495 9892909\nfax-no:     +7 495 9892908\ne-mail:     dns@rambler-co.ru\nregistrar:  RU-CENTER-REG-RIPN\ncreated:    1996.09.26\npaid-till:  2012.08.01\nsource:     TCI\n\nLast updated on 2011.10.23 09:35:46 MSK/MSD\n\n', NOW(), '3')
[08:41:10] Closing database connection
[08:41:10] WhoisInfo has been saved successfully
[08:41:11] In saveWhoisInfo
[08:41:11] Connected successfully
[08:41:11] Query: INSERT whois_data (info, sync_date, domain_id)  VALUES ('% By submitting a query to RIPN\'s Whois Service\n% you agree to abide by the following terms of use:\n% http://www.ripn.net/about/servpol.html#3.2 (in Russian) \n% http://www.ripn.net/about/en/servpol.html#3.2 (in English).\n\ndomain:     NEFART.RU\nnserver:    ns1.trinixy.com.\nnserver:    ns2.trinixy.com.\nstate:      REGISTERED, DELEGATED, VERIFIED\nperson:     Private Person\ne-mail:     admin@nefart.ru\nregistrar:  RU-CENTER-REG-RIPN\ncreated:    2009.03.26\npaid-till:  2012.03.26\nsource:     TCI\n\nLast updated on 2011.10.23 09:35:46 MSK/MSD\n\n', NOW(), '18')
[08:41:11] Closing database connection
[08:41:11] WhoisInfo has been saved successfully
[08:41:11] In saveWhoisInfo
[08:41:11] Connected successfully
[08:41:11] Query: INSERT whois_data (info, sync_date, domain_id)  VALUES ('% By submitting a query to RIPN\'s Whois Service\n% you agree to abide by the following terms of use:\n% http://www.ripn.net/about/servpol.html#3.2 (in Russian) \n% http://www.ripn.net/about/en/servpol.html#3.2 (in English).\n\ndomain:     WEBPARK.RU\nnserver:    ns1.imedia.ru.\nnserver:    ns2.imedia.ru.\nnserver:    ns3.imedia.ru.\nstate:      REGISTERED, DELEGATED, VERIFIED\norg:        United Press\nphone:      +7 095 2329262\nphone:      +7 095 2323200\nfax-no:     +7 095 2329272\ne-mail:     noc@imedia.ru\nregistrar:  RU-CENTER-REG-RIPN\ncreated:    2003.12.01\npaid-till:  2011.12.01\nsource:     TCI\n\nLast updated on 2011.10.23 09:35:46 MSK/MSD\n\n', NOW(), '16')
[08:41:11] Closing database connection
[08:41:11] WhoisInfo has been saved successfully
[08:41:11] In saveWhoisInfo
[08:41:11] Connected successfully
[08:41:11] Query: INSERT whois_data (info, sync_date, domain_id)  VALUES ('% By submitting a query to RIPN\'s Whois Service\n% you agree to abide by the following terms of use:\n% http://www.ripn.net/about/servpol.html#3.2 (in Russian) \n% http://www.ripn.net/about/en/servpol.html#3.2 (in English).\n\ndomain:     WAREZ.RU\nnserver:    ns1.sedoparking.com.\nnserver:    ns2.sedoparking.com.\nstate:      REGISTERED, DELEGATED, VERIFIED\norg:        Tevron Ltd\nphone:      +357 0000000\ne-mail:     tevron@poishi.com\nregistrar:  RU-CENTER-REG-RIPN\ncreated:    2001.03.05\npaid-till:  2012.03.06\nsource:     TCI\n\nLast updated on 2011.10.23 09:35:46 MSK/MSD\n\n', NOW(), '14')
[08:41:11] Closing database connection
[08:41:11] WhoisInfo has been saved successfully



--------------------------------------------------------------------------------





[08:48:59] In getDomainsList
[08:48:59] Connected successfully
[08:48:59] Query: SELECT domain, domain_id FROM domains WHERE Tld='.ru'
[08:48:59] $VAR1 = {
          'opennet.ru' => '11',
          'bugaga.ru' => '17',
          'trinixy.ru' => '15',
          'popmech.ru' => '21',
          'sql.ru' => '20',
          'habrahabr.ru' => '12',
          'render.ru' => '1',
          'yandex.ru' => '2',
          'reg.ru' => '13',
          'dwg.ru' => '19',
          'rambler.ru' => '3',
          'nefart.ru' => '18',
          'webpark.ru' => '16',
          'warez.ru' => '14'
        };

[08:48:59] Closing database connection
[08:49:00] In saveWhoisInfo
[08:49:00] Connected successfully
[08:49:00] Query: INSERT whois_data (info, sync_date, domain_id)  VALUES ('% By submitting a query to RIPN\'s Whois Service\n% you agree to abide by the following terms of use:\n% http://www.ripn.net/about/servpol.html#3.2 (in Russian) \n% http://www.ripn.net/about/en/servpol.html#3.2 (in English).\n\ndomain:     OPENNET.RU\nnserver:    ns.opennet.ru. 77.234.201.246\nnserver:    ns2.tyumen.ru.\nnserver:    ns3.tyumen.ru.\nstate:      REGISTERED, DELEGATED, UNVERIFIED\nperson:     Private Person\ne-mail:     mc@tyumen.ru\ne-mail:     maxim.chirkov@gmail.com\nregistrar:  RU-CENTER-REG-RIPN\ncreated:    1998.06.11\npaid-till:  2012.07.01\nsource:     TCI\n\nLast updated on 2011.10.23 09:45:46 MSK/MSD\n\n', NOW(), '11')
[08:49:00] Closing database connection
[08:49:00] WhoisInfo has been saved successfully
[08:49:00] In saveWhoisInfo
[08:49:00] Connected successfully
[08:49:00] Query: INSERT whois_data (info, sync_date, domain_id)  VALUES ('% By submitting a query to RIPN\'s Whois Service\n% you agree to abide by the following terms of use:\n% http://www.ripn.net/about/servpol.html#3.2 (in Russian) \n% http://www.ripn.net/about/en/servpol.html#3.2 (in English).\n\ndomain:     BUGAGA.RU\nnserver:    ns1.draldo.com.\nnserver:    ns2.draldo.com.\nstate:      REGISTERED, DELEGATED, VERIFIED\nperson:     Private Person\ne-mail:     alex@100stars.net\nregistrar:  R01-REG-RIPN\ncreated:    2005.12.21\npaid-till:  2011.12.21\nsource:     TCI\n\nLast updated on 2011.10.23 09:45:46 MSK/MSD\n\n', NOW(), '17')
[08:49:00] Closing database connection
[08:49:00] WhoisInfo has been saved successfully
[08:49:00] In saveWhoisInfo
[08:49:00] Connected successfully
[08:49:00] Query: INSERT whois_data (info, sync_date, domain_id)  VALUES ('% By submitting a query to RIPN\'s Whois Service\n% you agree to abide by the following terms of use:\n% http://www.ripn.net/about/servpol.html#3.2 (in Russian) \n% http://www.ripn.net/about/en/servpol.html#3.2 (in English).\n\ndomain:     TRINIXY.RU\nnserver:    ns1.trinixy.com.\nnserver:    ns2.trinixy.com.\nstate:      REGISTERED, DELEGATED, VERIFIED\nperson:     Private Person\ne-mail:     admin@trinixy.ru\nregistrar:  RU-CENTER-REG-RIPN\ncreated:    2006.12.18\npaid-till:  2011.12.18\nsource:     TCI\n\nLast updated on 2011.10.23 09:45:46 MSK/MSD\n\n', NOW(), '15')
[08:49:00] Closing database connection
[08:49:00] WhoisInfo has been saved successfully
[08:49:00] In saveWhoisInfo
[08:49:00] Connected successfully
[08:49:00] Query: INSERT whois_data (info, sync_date, domain_id)  VALUES ('% By submitting a query to RIPN\'s Whois Service\n% you agree to abide by the following terms of use:\n% http://www.ripn.net/about/servpol.html#3.2 (in Russian) \n% http://www.ripn.net/about/en/servpol.html#3.2 (in English).\n\ndomain:     POPMECH.RU\nnserver:    ns1.imedia.ru.\nnserver:    ns2.imedia.ru.\nnserver:    ns3.imedia.ru.\nstate:      REGISTERED, DELEGATED, VERIFIED\norg:        United Press\nphone:      +7 095 2329262\nphone:      +7 095 2323200\nfax-no:     +7 095 2329272\ne-mail:     noc@imedia.ru\nregistrar:  RU-CENTER-REG-RIPN\ncreated:    2005.10.19\npaid-till:  2012.10.19\nsource:     TCI\n\nLast updated on 2011.10.23 09:45:46 MSK/MSD\n\n', NOW(), '21')
[08:49:00] Closing database connection
[08:49:00] WhoisInfo has been saved successfully
[08:49:01] In saveWhoisInfo
[08:49:01] Connected successfully
[08:49:01] Query: INSERT whois_data (info, sync_date, domain_id)  VALUES ('% By submitting a query to RIPN\'s Whois Service\n% you agree to abide by the following terms of use:\n% http://www.ripn.net/about/servpol.html#3.2 (in Russian) \n% http://www.ripn.net/about/en/servpol.html#3.2 (in English).\n\ndomain:     SQL.RU\nnserver:    ns01.parking.ru.\nnserver:    ns11.parking.ru.\nstate:      REGISTERED, DELEGATED, VERIFIED\nperson:     Private Person\ne-mail:     admin@sql.ru\nregistrar:  RU-CENTER-REG-RIPN\ncreated:    2000.03.20\npaid-till:  2012.04.01\nsource:     TCI\n\nLast updated on 2011.10.23 09:45:46 MSK/MSD\n\n', NOW(), '20')
[08:49:01] Closing database connection
[08:49:01] WhoisInfo has been saved successfully
[08:49:01] In saveWhoisInfo
[08:49:01] Connected successfully
[08:49:01] Query: INSERT whois_data (info, sync_date, domain_id)  VALUES ('% By submitting a query to RIPN\'s Whois Service\n% you agree to abide by the following terms of use:\n% http://www.ripn.net/about/servpol.html#3.2 (in Russian) \n% http://www.ripn.net/about/en/servpol.html#3.2 (in English).\n\ndomain:     HABRAHABR.RU\nnserver:    ns1.habradns.net.\nnserver:    ns2.habradns.net.\nstate:      REGISTERED, DELEGATED, UNVERIFIED\norg:        Invento Holdings Limited\nphone:      +7 495 0000000\nfax-no:     +7 495 0000000\ne-mail:     deniskin@gmail.com\ne-mail:     servers@thematicmedia.ru\nregistrar:  REGISTRATOR-REG-RIPN\ncreated:    2006.04.18\npaid-till:  2012.04.18\nsource:     TCI\n\nLast updated on 2011.10.23 09:45:46 MSK/MSD\n\n', NOW(), '12')
[08:49:01] Closing database connection
[08:49:01] WhoisInfo has been saved successfully
[08:49:01] In saveWhoisInfo
[08:49:01] Connected successfully
[08:49:01] Query: INSERT whois_data (info, sync_date, domain_id)  VALUES ('% By submitting a query to RIPN\'s Whois Service\n% you agree to abide by the following terms of use:\n% http://www.ripn.net/about/servpol.html#3.2 (in Russian) \n% http://www.ripn.net/about/en/servpol.html#3.2 (in English).\n\ndomain:     RENDER.RU\nnserver:    ns1.render.ru. 81.9.6.2\nnserver:    ns2.render.ru. 81.222.132.251\nstate:      REGISTERED, DELEGATED, VERIFIED\nperson:     Private Person\ne-mail:     stas@als.ru\ne-mail:     tech@als.ru\nregistrar:  RU-CENTER-REG-RIPN\ncreated:    1999.11.19\npaid-till:  2011.12.01\nsource:     TCI\n\nLast updated on 2011.10.23 09:45:46 MSK/MSD\n\n', NOW(), '1')
[08:49:01] Closing database connection
[08:49:01] WhoisInfo has been saved successfully
[08:49:02] In saveWhoisInfo
[08:49:02] Connected successfully
[08:49:02] Query: INSERT whois_data (info, sync_date, domain_id)  VALUES ('% By submitting a query to RIPN\'s Whois Service\n% you agree to abide by the following terms of use:\n% http://www.ripn.net/about/servpol.html#3.2 (in Russian) \n% http://www.ripn.net/about/en/servpol.html#3.2 (in English).\n\ndomain:     YANDEX.RU\nnserver:    ns1.yandex.ru. 213.180.193.1\nnserver:    ns2.yandex.ru. 213.180.199.34\nnserver:    ns4.yandex.ru. 77.88.19.60\nnserver:    ns5.yandex.ru. 213.180.204.1\nstate:      REGISTERED, DELEGATED, VERIFIED\norg:        YANDEX, LLC.\nphone:      +7 495 7397000\nfax-no:     +7 495 7397070\ne-mail:     noc@yandex.net\nregistrar:  RU-CENTER-REG-RIPN\ncreated:    1997.09.23\npaid-till:  2012.10.01\nsource:     TCI\n\nLast updated on 2011.10.23 09:45:46 MSK/MSD\n\n', NOW(), '2')
[08:49:02] Closing database connection
[08:49:02] WhoisInfo has been saved successfully
[08:49:02] In saveWhoisInfo
[08:49:02] Connected successfully
[08:49:02] Query: INSERT whois_data (info, sync_date, domain_id)  VALUES ('% By submitting a query to RIPN\'s Whois Service\n% you agree to abide by the following terms of use:\n% http://www.ripn.net/about/servpol.html#3.2 (in Russian) \n% http://www.ripn.net/about/en/servpol.html#3.2 (in English).\n\ndomain:     REG.RU\nnserver:    ns1.reg.ru. 83.222.2.69\nnserver:    ns2.reg.ru. 178.218.208.130\nstate:      REGISTERED, DELEGATED, VERIFIED\norg:        Domain name registrar REG.RU Ltd.\nphone:      +7 495 5801111\nfax-no:     +7 495 4915553\ne-mail:     info@reg.ru\nregistrar:  REGRU-REG-RIPN\ncreated:    2005.11.01\npaid-till:  2012.11.01\nsource:     TCI\n\nLast updated on 2011.10.23 09:45:46 MSK/MSD\n\n', NOW(), '13')
[08:49:02] Closing database connection
[08:49:02] WhoisInfo has been saved successfully
[08:49:02] In saveWhoisInfo
[08:49:02] Connected successfully
[08:49:02] Query: INSERT whois_data (info, sync_date, domain_id)  VALUES ('% By submitting a query to RIPN\'s Whois Service\n% you agree to abide by the following terms of use:\n% http://www.ripn.net/about/servpol.html#3.2 (in Russian) \n% http://www.ripn.net/about/en/servpol.html#3.2 (in English).\n\ndomain:     DWG.RU\nnserver:    ns3.nic.ru.\nnserver:    ns4.nic.ru.\nnserver:    ns8.nic.ru.\nstate:      REGISTERED, DELEGATED, VERIFIED\nperson:     Private Person\ne-mail:     autokad@mail.ru\nregistrar:  RU-CENTER-REG-RIPN\ncreated:    2004.07.28\npaid-till:  2012.07.28\nsource:     TCI\n\nLast updated on 2011.10.23 09:45:46 MSK/MSD\n\n', NOW(), '19')
[08:49:02] Closing database connection
[08:49:02] WhoisInfo has been saved successfully
[08:49:02] In saveWhoisInfo
[08:49:02] Connected successfully
[08:49:02] Query: INSERT whois_data (info, sync_date, domain_id)  VALUES ('% By submitting a query to RIPN\'s Whois Service\n% you agree to abide by the following terms of use:\n% http://www.ripn.net/about/servpol.html#3.2 (in Russian) \n% http://www.ripn.net/about/en/servpol.html#3.2 (in English).\n\ndomain:     RAMBLER.RU\nnserver:    ns2.rambler.ru. 81.19.66.61\nnserver:    ns3.rambler.ru. 81.19.66.62\nnserver:    ns4.rambler.ru. 81.19.67.89\nnserver:    ns5.rambler.ru. 81.19.67.90\nstate:      REGISTERED, DELEGATED, VERIFIED\norg:        Rambler Internet Holdings, LLC\nphone:      +7 495 9892909\nfax-no:     +7 495 9892908\ne-mail:     dns@rambler-co.ru\nregistrar:  RU-CENTER-REG-RIPN\ncreated:    1996.09.26\npaid-till:  2012.08.01\nsource:     TCI\n\nLast updated on 2011.10.23 09:45:46 MSK/MSD\n\n', NOW(), '3')
[08:49:02] Closing database connection
[08:49:02] WhoisInfo has been saved successfully
[08:49:03] In saveWhoisInfo
[08:49:03] Connected successfully
[08:49:03] Query: INSERT whois_data (info, sync_date, domain_id)  VALUES ('% By submitting a query to RIPN\'s Whois Service\n% you agree to abide by the following terms of use:\n% http://www.ripn.net/about/servpol.html#3.2 (in Russian) \n% http://www.ripn.net/about/en/servpol.html#3.2 (in English).\n\ndomain:     NEFART.RU\nnserver:    ns1.trinixy.com.\nnserver:    ns2.trinixy.com.\nstate:      REGISTERED, DELEGATED, VERIFIED\nperson:     Private Person\ne-mail:     admin@nefart.ru\nregistrar:  RU-CENTER-REG-RIPN\ncreated:    2009.03.26\npaid-till:  2012.03.26\nsource:     TCI\n\nLast updated on 2011.10.23 09:45:46 MSK/MSD\n\n', NOW(), '18')
[08:49:03] Closing database connection
[08:49:03] WhoisInfo has been saved successfully
[08:49:03] In saveWhoisInfo
[08:49:03] Connected successfully
[08:49:03] Query: INSERT whois_data (info, sync_date, domain_id)  VALUES ('% By submitting a query to RIPN\'s Whois Service\n% you agree to abide by the following terms of use:\n% http://www.ripn.net/about/servpol.html#3.2 (in Russian) \n% http://www.ripn.net/about/en/servpol.html#3.2 (in English).\n\ndomain:     WEBPARK.RU\nnserver:    ns1.imedia.ru.\nnserver:    ns2.imedia.ru.\nnserver:    ns3.imedia.ru.\nstate:      REGISTERED, DELEGATED, VERIFIED\norg:        United Press\nphone:      +7 095 2329262\nphone:      +7 095 2323200\nfax-no:     +7 095 2329272\ne-mail:     noc@imedia.ru\nregistrar:  RU-CENTER-REG-RIPN\ncreated:    2003.12.01\npaid-till:  2011.12.01\nsource:     TCI\n\nLast updated on 2011.10.23 09:45:46 MSK/MSD\n\n', NOW(), '16')
[08:49:03] Closing database connection
[08:49:03] WhoisInfo has been saved successfully
[08:49:03] In saveWhoisInfo
[08:49:03] Connected successfully
[08:49:03] Query: INSERT whois_data (info, sync_date, domain_id)  VALUES ('% By submitting a query to RIPN\'s Whois Service\n% you agree to abide by the following terms of use:\n% http://www.ripn.net/about/servpol.html#3.2 (in Russian) \n% http://www.ripn.net/about/en/servpol.html#3.2 (in English).\n\ndomain:     WAREZ.RU\nnserver:    ns1.sedoparking.com.\nnserver:    ns2.sedoparking.com.\nstate:      REGISTERED, DELEGATED, VERIFIED\norg:        Tevron Ltd\nphone:      +357 0000000\ne-mail:     tevron@poishi.com\nregistrar:  RU-CENTER-REG-RIPN\ncreated:    2001.03.05\npaid-till:  2012.03.06\nsource:     TCI\n\nLast updated on 2011.10.23 09:45:46 MSK/MSD\n\n', NOW(), '14')
[08:49:03] Closing database connection
[08:49:03] WhoisInfo has been saved successfully
[08:49:31] In getDomainsList
[08:49:31] Connected successfully
[08:49:31] Query: SELECT domain, domain_id FROM domains WHERE Tld='.ru'
[08:49:31] $VAR1 = {
          'opennet.ru' => '11',
          'bugaga.ru' => '17',
          'trinixy.ru' => '15',
          'popmech.ru' => '21',
          'sql.ru' => '20',
          'habrahabr.ru' => '12',
          'render.ru' => '1',
          'yandex.ru' => '2',
          'reg.ru' => '13',
          'dwg.ru' => '19',
          'rambler.ru' => '3',
          'nefart.ru' => '18',
          'webpark.ru' => '16',
          'warez.ru' => '14'
        };

[08:49:31] Closing database connection
[08:49:31] In saveWhoisInfo
[08:49:31] Connected successfully
[08:49:31] Query: INSERT whois_data (info, sync_date, domain_id)  VALUES ('% By submitting a query to RIPN\'s Whois Service\n% you agree to abide by the following terms of use:\n% http://www.ripn.net/about/servpol.html#3.2 (in Russian) \n% http://www.ripn.net/about/en/servpol.html#3.2 (in English).\n\ndomain:     OPENNET.RU\nnserver:    ns.opennet.ru. 77.234.201.246\nnserver:    ns2.tyumen.ru.\nnserver:    ns3.tyumen.ru.\nstate:      REGISTERED, DELEGATED, UNVERIFIED\nperson:     Private Person\ne-mail:     mc@tyumen.ru\ne-mail:     maxim.chirkov@gmail.com\nregistrar:  RU-CENTER-REG-RIPN\ncreated:    1998.06.11\npaid-till:  2012.07.01\nsource:     TCI\n\nLast updated on 2011.10.23 09:45:46 MSK/MSD\n\n', NOW(), '11')
[08:49:31] Closing database connection
[08:49:31] WhoisInfo has been saved successfully
[08:49:31] In saveWhoisInfo
[08:49:31] Connected successfully
[08:49:31] Query: INSERT whois_data (info, sync_date, domain_id)  VALUES ('% By submitting a query to RIPN\'s Whois Service\n% you agree to abide by the following terms of use:\n% http://www.ripn.net/about/servpol.html#3.2 (in Russian) \n% http://www.ripn.net/about/en/servpol.html#3.2 (in English).\n\ndomain:     BUGAGA.RU\nnserver:    ns1.draldo.com.\nnserver:    ns2.draldo.com.\nstate:      REGISTERED, DELEGATED, VERIFIED\nperson:     Private Person\ne-mail:     alex@100stars.net\nregistrar:  R01-REG-RIPN\ncreated:    2005.12.21\npaid-till:  2011.12.21\nsource:     TCI\n\nLast updated on 2011.10.23 09:45:46 MSK/MSD\n\n', NOW(), '17')
[08:49:31] Closing database connection
[08:49:31] WhoisInfo has been saved successfully
[08:49:32] In saveWhoisInfo
[08:49:32] Connected successfully
[08:49:32] Query: INSERT whois_data (info, sync_date, domain_id)  VALUES ('% By submitting a query to RIPN\'s Whois Service\n% you agree to abide by the following terms of use:\n% http://www.ripn.net/about/servpol.html#3.2 (in Russian) \n% http://www.ripn.net/about/en/servpol.html#3.2 (in English).\n\ndomain:     TRINIXY.RU\nnserver:    ns1.trinixy.com.\nnserver:    ns2.trinixy.com.\nstate:      REGISTERED, DELEGATED, VERIFIED\nperson:     Private Person\ne-mail:     admin@trinixy.ru\nregistrar:  RU-CENTER-REG-RIPN\ncreated:    2006.12.18\npaid-till:  2011.12.18\nsource:     TCI\n\nLast updated on 2011.10.23 09:45:46 MSK/MSD\n\n', NOW(), '15')
[08:49:32] Closing database connection
[08:49:32] WhoisInfo has been saved successfully
[08:49:32] In saveWhoisInfo
[08:49:32] Connected successfully
[08:49:32] Query: INSERT whois_data (info, sync_date, domain_id)  VALUES ('% By submitting a query to RIPN\'s Whois Service\n% you agree to abide by the following terms of use:\n% http://www.ripn.net/about/servpol.html#3.2 (in Russian) \n% http://www.ripn.net/about/en/servpol.html#3.2 (in English).\n\ndomain:     POPMECH.RU\nnserver:    ns1.imedia.ru.\nnserver:    ns2.imedia.ru.\nnserver:    ns3.imedia.ru.\nstate:      REGISTERED, DELEGATED, VERIFIED\norg:        United Press\nphone:      +7 095 2329262\nphone:      +7 095 2323200\nfax-no:     +7 095 2329272\ne-mail:     noc@imedia.ru\nregistrar:  RU-CENTER-REG-RIPN\ncreated:    2005.10.19\npaid-till:  2012.10.19\nsource:     TCI\n\nLast updated on 2011.10.23 09:45:46 MSK/MSD\n\n', NOW(), '21')
[08:49:32] Closing database connection
[08:49:32] WhoisInfo has been saved successfully
[08:49:32] In saveWhoisInfo
[08:49:32] Connected successfully
[08:49:32] Query: INSERT whois_data (info, sync_date, domain_id)  VALUES ('% By submitting a query to RIPN\'s Whois Service\n% you agree to abide by the following terms of use:\n% http://www.ripn.net/about/servpol.html#3.2 (in Russian) \n% http://www.ripn.net/about/en/servpol.html#3.2 (in English).\n\ndomain:     SQL.RU\nnserver:    ns01.parking.ru.\nnserver:    ns11.parking.ru.\nstate:      REGISTERED, DELEGATED, VERIFIED\nperson:     Private Person\ne-mail:     admin@sql.ru\nregistrar:  RU-CENTER-REG-RIPN\ncreated:    2000.03.20\npaid-till:  2012.04.01\nsource:     TCI\n\nLast updated on 2011.10.23 09:45:46 MSK/MSD\n\n', NOW(), '20')
[08:49:32] Closing database connection
[08:49:32] WhoisInfo has been saved successfully
[08:49:32] In saveWhoisInfo
[08:49:32] Connected successfully
[08:49:32] Query: INSERT whois_data (info, sync_date, domain_id)  VALUES ('% By submitting a query to RIPN\'s Whois Service\n% you agree to abide by the following terms of use:\n% http://www.ripn.net/about/servpol.html#3.2 (in Russian) \n% http://www.ripn.net/about/en/servpol.html#3.2 (in English).\n\ndomain:     HABRAHABR.RU\nnserver:    ns1.habradns.net.\nnserver:    ns2.habradns.net.\nstate:      REGISTERED, DELEGATED, UNVERIFIED\norg:        Invento Holdings Limited\nphone:      +7 495 0000000\nfax-no:     +7 495 0000000\ne-mail:     deniskin@gmail.com\ne-mail:     servers@thematicmedia.ru\nregistrar:  REGISTRATOR-REG-RIPN\ncreated:    2006.04.18\npaid-till:  2012.04.18\nsource:     TCI\n\nLast updated on 2011.10.23 09:45:46 MSK/MSD\n\n', NOW(), '12')
[08:49:32] Closing database connection
[08:49:32] WhoisInfo has been saved successfully
[08:49:33] In saveWhoisInfo
[08:49:33] Connected successfully
[08:49:33] Query: INSERT whois_data (info, sync_date, domain_id)  VALUES ('% By submitting a query to RIPN\'s Whois Service\n% you agree to abide by the following terms of use:\n% http://www.ripn.net/about/servpol.html#3.2 (in Russian) \n% http://www.ripn.net/about/en/servpol.html#3.2 (in English).\n\ndomain:     RENDER.RU\nnserver:    ns1.render.ru. 81.9.6.2\nnserver:    ns2.render.ru. 81.222.132.251\nstate:      REGISTERED, DELEGATED, VERIFIED\nperson:     Private Person\ne-mail:     stas@als.ru\ne-mail:     tech@als.ru\nregistrar:  RU-CENTER-REG-RIPN\ncreated:    1999.11.19\npaid-till:  2011.12.01\nsource:     TCI\n\nLast updated on 2011.10.23 09:45:46 MSK/MSD\n\n', NOW(), '1')
[08:49:33] Closing database connection
[08:49:33] WhoisInfo has been saved successfully
[08:49:33] In saveWhoisInfo
[08:49:33] Connected successfully
[08:49:33] Query: INSERT whois_data (info, sync_date, domain_id)  VALUES ('% By submitting a query to RIPN\'s Whois Service\n% you agree to abide by the following terms of use:\n% http://www.ripn.net/about/servpol.html#3.2 (in Russian) \n% http://www.ripn.net/about/en/servpol.html#3.2 (in English).\n\ndomain:     YANDEX.RU\nnserver:    ns1.yandex.ru. 213.180.193.1\nnserver:    ns2.yandex.ru. 213.180.199.34\nnserver:    ns4.yandex.ru. 77.88.19.60\nnserver:    ns5.yandex.ru. 213.180.204.1\nstate:      REGISTERED, DELEGATED, VERIFIED\norg:        YANDEX, LLC.\nphone:      +7 495 7397000\nfax-no:     +7 495 7397070\ne-mail:     noc@yandex.net\nregistrar:  RU-CENTER-REG-RIPN\ncreated:    1997.09.23\npaid-till:  2012.10.01\nsource:     TCI\n\nLast updated on 2011.10.23 09:45:46 MSK/MSD\n\n', NOW(), '2')
[08:49:33] Closing database connection
[08:49:33] WhoisInfo has been saved successfully
[08:49:33] In saveWhoisInfo
[08:49:33] Connected successfully
[08:49:33] Query: INSERT whois_data (info, sync_date, domain_id)  VALUES ('% By submitting a query to RIPN\'s Whois Service\n% you agree to abide by the following terms of use:\n% http://www.ripn.net/about/servpol.html#3.2 (in Russian) \n% http://www.ripn.net/about/en/servpol.html#3.2 (in English).\n\ndomain:     REG.RU\nnserver:    ns1.reg.ru. 83.222.2.69\nnserver:    ns2.reg.ru. 178.218.208.130\nstate:      REGISTERED, DELEGATED, VERIFIED\norg:        Domain name registrar REG.RU Ltd.\nphone:      +7 495 5801111\nfax-no:     +7 495 4915553\ne-mail:     info@reg.ru\nregistrar:  REGRU-REG-RIPN\ncreated:    2005.11.01\npaid-till:  2012.11.01\nsource:     TCI\n\nLast updated on 2011.10.23 09:45:46 MSK/MSD\n\n', NOW(), '13')
[08:49:33] Closing database connection
[08:49:33] WhoisInfo has been saved successfully
[08:49:34] In saveWhoisInfo
[08:49:34] Connected successfully
[08:49:34] Query: INSERT whois_data (info, sync_date, domain_id)  VALUES ('% By submitting a query to RIPN\'s Whois Service\n% you agree to abide by the following terms of use:\n% http://www.ripn.net/about/servpol.html#3.2 (in Russian) \n% http://www.ripn.net/about/en/servpol.html#3.2 (in English).\n\ndomain:     DWG.RU\nnserver:    ns3.nic.ru.\nnserver:    ns4.nic.ru.\nnserver:    ns8.nic.ru.\nstate:      REGISTERED, DELEGATED, VERIFIED\nperson:     Private Person\ne-mail:     autokad@mail.ru\nregistrar:  RU-CENTER-REG-RIPN\ncreated:    2004.07.28\npaid-till:  2012.07.28\nsource:     TCI\n\nLast updated on 2011.10.23 09:45:46 MSK/MSD\n\n', NOW(), '19')
[08:49:34] Closing database connection
[08:49:34] WhoisInfo has been saved successfully
[08:49:34] In saveWhoisInfo
[08:49:34] Connected successfully
[08:49:34] Query: INSERT whois_data (info, sync_date, domain_id)  VALUES ('% By submitting a query to RIPN\'s Whois Service\n% you agree to abide by the following terms of use:\n% http://www.ripn.net/about/servpol.html#3.2 (in Russian) \n% http://www.ripn.net/about/en/servpol.html#3.2 (in English).\n\ndomain:     RAMBLER.RU\nnserver:    ns2.rambler.ru. 81.19.66.61\nnserver:    ns3.rambler.ru. 81.19.66.62\nnserver:    ns4.rambler.ru. 81.19.67.89\nnserver:    ns5.rambler.ru. 81.19.67.90\nstate:      REGISTERED, DELEGATED, VERIFIED\norg:        Rambler Internet Holdings, LLC\nphone:      +7 495 9892909\nfax-no:     +7 495 9892908\ne-mail:     dns@rambler-co.ru\nregistrar:  RU-CENTER-REG-RIPN\ncreated:    1996.09.26\npaid-till:  2012.08.01\nsource:     TCI\n\nLast updated on 2011.10.23 09:45:46 MSK/MSD\n\n', NOW(), '3')
[08:49:34] Closing database connection
[08:49:34] WhoisInfo has been saved successfully
[08:49:34] In saveWhoisInfo
[08:49:34] Connected successfully
[08:49:34] Query: INSERT whois_data (info, sync_date, domain_id)  VALUES ('% By submitting a query to RIPN\'s Whois Service\n% you agree to abide by the following terms of use:\n% http://www.ripn.net/about/servpol.html#3.2 (in Russian) \n% http://www.ripn.net/about/en/servpol.html#3.2 (in English).\n\ndomain:     NEFART.RU\nnserver:    ns1.trinixy.com.\nnserver:    ns2.trinixy.com.\nstate:      REGISTERED, DELEGATED, VERIFIED\nperson:     Private Person\ne-mail:     admin@nefart.ru\nregistrar:  RU-CENTER-REG-RIPN\ncreated:    2009.03.26\npaid-till:  2012.03.26\nsource:     TCI\n\nLast updated on 2011.10.23 09:45:46 MSK/MSD\n\n', NOW(), '18')
[08:49:34] Closing database connection
[08:49:34] WhoisInfo has been saved successfully
[08:49:35] In saveWhoisInfo
[08:49:35] Connected successfully
[08:49:35] Query: INSERT whois_data (info, sync_date, domain_id)  VALUES ('% By submitting a query to RIPN\'s Whois Service\n% you agree to abide by the following terms of use:\n% http://www.ripn.net/about/servpol.html#3.2 (in Russian) \n% http://www.ripn.net/about/en/servpol.html#3.2 (in English).\n\ndomain:     WEBPARK.RU\nnserver:    ns1.imedia.ru.\nnserver:    ns2.imedia.ru.\nnserver:    ns3.imedia.ru.\nstate:      REGISTERED, DELEGATED, VERIFIED\norg:        United Press\nphone:      +7 095 2329262\nphone:      +7 095 2323200\nfax-no:     +7 095 2329272\ne-mail:     noc@imedia.ru\nregistrar:  RU-CENTER-REG-RIPN\ncreated:    2003.12.01\npaid-till:  2011.12.01\nsource:     TCI\n\nLast updated on 2011.10.23 09:45:46 MSK/MSD\n\n', NOW(), '16')
[08:49:35] Closing database connection
[08:49:35] WhoisInfo has been saved successfully
[08:49:35] In saveWhoisInfo
[08:49:35] Connected successfully
[08:49:35] Query: INSERT whois_data (info, sync_date, domain_id)  VALUES ('% By submitting a query to RIPN\'s Whois Service\n% you agree to abide by the following terms of use:\n% http://www.ripn.net/about/servpol.html#3.2 (in Russian) \n% http://www.ripn.net/about/en/servpol.html#3.2 (in English).\n\ndomain:     WAREZ.RU\nnserver:    ns1.sedoparking.com.\nnserver:    ns2.sedoparking.com.\nstate:      REGISTERED, DELEGATED, VERIFIED\norg:        Tevron Ltd\nphone:      +357 0000000\ne-mail:     tevron@poishi.com\nregistrar:  RU-CENTER-REG-RIPN\ncreated:    2001.03.05\npaid-till:  2012.03.06\nsource:     TCI\n\nLast updated on 2011.10.23 09:45:46 MSK/MSD\n\n', NOW(), '14')
[08:49:35] Closing database connection
[08:49:35] WhoisInfo has been saved successfully
[08:51:40] In getDomainsList
[08:51:40] Connected successfully
[08:51:40] Query: SELECT domain, domain_id FROM domains WHERE Tld='.ru'
[08:51:40] $VAR1 = {
          'opennet.ru' => '11',
          'bugaga.ru' => '17',
          'trinixy.ru' => '15',
          'popmech.ru' => '21',
          'sql.ru' => '20',
          'habrahabr.ru' => '12',
          'render.ru' => '1',
          'yandex.ru' => '2',
          'reg.ru' => '13',
          'dwg.ru' => '19',
          'rambler.ru' => '3',
          'nefart.ru' => '18',
          'webpark.ru' => '16',
          'warez.ru' => '14'
        };

[08:51:40] Closing database connection
[08:51:40] In saveWhoisInfo
[08:51:40] Connected successfully
[08:51:40] Query: INSERT whois_data (info, sync_date, domain_id)  VALUES ('% By submitting a query to RIPN\'s Whois Service\n% you agree to abide by the following terms of use:\n% http://www.ripn.net/about/servpol.html#3.2 (in Russian) \n% http://www.ripn.net/about/en/servpol.html#3.2 (in English).\n\ndomain:     OPENNET.RU\nnserver:    ns.opennet.ru. 77.234.201.246\nnserver:    ns2.tyumen.ru.\nnserver:    ns3.tyumen.ru.\nstate:      REGISTERED, DELEGATED, UNVERIFIED\nperson:     Private Person\ne-mail:     mc@tyumen.ru\ne-mail:     maxim.chirkov@gmail.com\nregistrar:  RU-CENTER-REG-RIPN\ncreated:    1998.06.11\npaid-till:  2012.07.01\nsource:     TCI\n\nLast updated on 2011.10.23 09:50:46 MSK/MSD\n\n', NOW(), '11')
[08:51:40] Closing database connection
[08:51:40] WhoisInfo has been saved successfully
[08:51:41] In saveWhoisInfo
[08:51:41] Connected successfully
[08:51:41] Query: INSERT whois_data (info, sync_date, domain_id)  VALUES ('% By submitting a query to RIPN\'s Whois Service\n% you agree to abide by the following terms of use:\n% http://www.ripn.net/about/servpol.html#3.2 (in Russian) \n% http://www.ripn.net/about/en/servpol.html#3.2 (in English).\n\ndomain:     BUGAGA.RU\nnserver:    ns1.draldo.com.\nnserver:    ns2.draldo.com.\nstate:      REGISTERED, DELEGATED, VERIFIED\nperson:     Private Person\ne-mail:     alex@100stars.net\nregistrar:  R01-REG-RIPN\ncreated:    2005.12.21\npaid-till:  2011.12.21\nsource:     TCI\n\nLast updated on 2011.10.23 09:50:46 MSK/MSD\n\n', NOW(), '17')
[08:51:41] Closing database connection
[08:51:41] WhoisInfo has been saved successfully
[08:51:41] In saveWhoisInfo
[08:51:41] Connected successfully
[08:51:41] Query: INSERT whois_data (info, sync_date, domain_id)  VALUES ('% By submitting a query to RIPN\'s Whois Service\n% you agree to abide by the following terms of use:\n% http://www.ripn.net/about/servpol.html#3.2 (in Russian) \n% http://www.ripn.net/about/en/servpol.html#3.2 (in English).\n\ndomain:     TRINIXY.RU\nnserver:    ns1.trinixy.com.\nnserver:    ns2.trinixy.com.\nstate:      REGISTERED, DELEGATED, VERIFIED\nperson:     Private Person\ne-mail:     admin@trinixy.ru\nregistrar:  RU-CENTER-REG-RIPN\ncreated:    2006.12.18\npaid-till:  2011.12.18\nsource:     TCI\n\nLast updated on 2011.10.23 09:50:46 MSK/MSD\n\n', NOW(), '15')
[08:51:41] Closing database connection
[08:51:41] WhoisInfo has been saved successfully
[08:51:41] In saveWhoisInfo
[08:51:41] Connected successfully
[08:51:41] Query: INSERT whois_data (info, sync_date, domain_id)  VALUES ('% By submitting a query to RIPN\'s Whois Service\n% you agree to abide by the following terms of use:\n% http://www.ripn.net/about/servpol.html#3.2 (in Russian) \n% http://www.ripn.net/about/en/servpol.html#3.2 (in English).\n\ndomain:     POPMECH.RU\nnserver:    ns1.imedia.ru.\nnserver:    ns2.imedia.ru.\nnserver:    ns3.imedia.ru.\nstate:      REGISTERED, DELEGATED, VERIFIED\norg:        United Press\nphone:      +7 095 2329262\nphone:      +7 095 2323200\nfax-no:     +7 095 2329272\ne-mail:     noc@imedia.ru\nregistrar:  RU-CENTER-REG-RIPN\ncreated:    2005.10.19\npaid-till:  2012.10.19\nsource:     TCI\n\nLast updated on 2011.10.23 09:50:46 MSK/MSD\n\n', NOW(), '21')
[08:51:41] Closing database connection
[08:51:41] WhoisInfo has been saved successfully
[08:51:41] In saveWhoisInfo
[08:51:41] Connected successfully
[08:51:41] Query: INSERT whois_data (info, sync_date, domain_id)  VALUES ('% By submitting a query to RIPN\'s Whois Service\n% you agree to abide by the following terms of use:\n% http://www.ripn.net/about/servpol.html#3.2 (in Russian) \n% http://www.ripn.net/about/en/servpol.html#3.2 (in English).\n\ndomain:     SQL.RU\nnserver:    ns01.parking.ru.\nnserver:    ns11.parking.ru.\nstate:      REGISTERED, DELEGATED, VERIFIED\nperson:     Private Person\ne-mail:     admin@sql.ru\nregistrar:  RU-CENTER-REG-RIPN\ncreated:    2000.03.20\npaid-till:  2012.04.01\nsource:     TCI\n\nLast updated on 2011.10.23 09:50:46 MSK/MSD\n\n', NOW(), '20')
[08:51:41] Closing database connection
[08:51:41] WhoisInfo has been saved successfully
[08:51:42] In saveWhoisInfo
[08:51:42] Connected successfully
[08:51:42] Query: INSERT whois_data (info, sync_date, domain_id)  VALUES ('% By submitting a query to RIPN\'s Whois Service\n% you agree to abide by the following terms of use:\n% http://www.ripn.net/about/servpol.html#3.2 (in Russian) \n% http://www.ripn.net/about/en/servpol.html#3.2 (in English).\n\ndomain:     HABRAHABR.RU\nnserver:    ns1.habradns.net.\nnserver:    ns2.habradns.net.\nstate:      REGISTERED, DELEGATED, UNVERIFIED\norg:        Invento Holdings Limited\nphone:      +7 495 0000000\nfax-no:     +7 495 0000000\ne-mail:     deniskin@gmail.com\ne-mail:     servers@thematicmedia.ru\nregistrar:  REGISTRATOR-REG-RIPN\ncreated:    2006.04.18\npaid-till:  2012.04.18\nsource:     TCI\n\nLast updated on 2011.10.23 09:50:46 MSK/MSD\n\n', NOW(), '12')
[08:51:42] Closing database connection
[08:51:42] WhoisInfo has been saved successfully
[08:51:42] In saveWhoisInfo
[08:51:42] Connected successfully
[08:51:42] Query: INSERT whois_data (info, sync_date, domain_id)  VALUES ('% By submitting a query to RIPN\'s Whois Service\n% you agree to abide by the following terms of use:\n% http://www.ripn.net/about/servpol.html#3.2 (in Russian) \n% http://www.ripn.net/about/en/servpol.html#3.2 (in English).\n\ndomain:     RENDER.RU\nnserver:    ns1.render.ru. 81.9.6.2\nnserver:    ns2.render.ru. 81.222.132.251\nstate:      REGISTERED, DELEGATED, VERIFIED\nperson:     Private Person\ne-mail:     stas@als.ru\ne-mail:     tech@als.ru\nregistrar:  RU-CENTER-REG-RIPN\ncreated:    1999.11.19\npaid-till:  2011.12.01\nsource:     TCI\n\nLast updated on 2011.10.23 09:50:46 MSK/MSD\n\n', NOW(), '1')
[08:51:42] Closing database connection
[08:51:42] WhoisInfo has been saved successfully
[08:51:42] In saveWhoisInfo
[08:51:42] Connected successfully
[08:51:42] Query: INSERT whois_data (info, sync_date, domain_id)  VALUES ('% By submitting a query to RIPN\'s Whois Service\n% you agree to abide by the following terms of use:\n% http://www.ripn.net/about/servpol.html#3.2 (in Russian) \n% http://www.ripn.net/about/en/servpol.html#3.2 (in English).\n\ndomain:     YANDEX.RU\nnserver:    ns1.yandex.ru. 213.180.193.1\nnserver:    ns2.yandex.ru. 213.180.199.34\nnserver:    ns4.yandex.ru. 77.88.19.60\nnserver:    ns5.yandex.ru. 213.180.204.1\nstate:      REGISTERED, DELEGATED, VERIFIED\norg:        YANDEX, LLC.\nphone:      +7 495 7397000\nfax-no:     +7 495 7397070\ne-mail:     noc@yandex.net\nregistrar:  RU-CENTER-REG-RIPN\ncreated:    1997.09.23\npaid-till:  2012.10.01\nsource:     TCI\n\nLast updated on 2011.10.23 09:50:46 MSK/MSD\n\n', NOW(), '2')
[08:51:42] Closing database connection
[08:51:42] WhoisInfo has been saved successfully
[08:51:42] In saveWhoisInfo
[08:51:43] Connected successfully
[08:51:43] Query: INSERT whois_data (info, sync_date, domain_id)  VALUES ('% By submitting a query to RIPN\'s Whois Service\n% you agree to abide by the following terms of use:\n% http://www.ripn.net/about/servpol.html#3.2 (in Russian) \n% http://www.ripn.net/about/en/servpol.html#3.2 (in English).\n\ndomain:     REG.RU\nnserver:    ns1.reg.ru. 83.222.2.69\nnserver:    ns2.reg.ru. 178.218.208.130\nstate:      REGISTERED, DELEGATED, VERIFIED\norg:        Domain name registrar REG.RU Ltd.\nphone:      +7 495 5801111\nfax-no:     +7 495 4915553\ne-mail:     info@reg.ru\nregistrar:  REGRU-REG-RIPN\ncreated:    2005.11.01\npaid-till:  2012.11.01\nsource:     TCI\n\nLast updated on 2011.10.23 09:50:46 MSK/MSD\n\n', NOW(), '13')
[08:51:43] Closing database connection
[08:51:43] WhoisInfo has been saved successfully
[08:51:43] In saveWhoisInfo
[08:51:43] Connected successfully
[08:51:43] Query: INSERT whois_data (info, sync_date, domain_id)  VALUES ('% By submitting a query to RIPN\'s Whois Service\n% you agree to abide by the following terms of use:\n% http://www.ripn.net/about/servpol.html#3.2 (in Russian) \n% http://www.ripn.net/about/en/servpol.html#3.2 (in English).\n\ndomain:     DWG.RU\nnserver:    ns3.nic.ru.\nnserver:    ns4.nic.ru.\nnserver:    ns8.nic.ru.\nstate:      REGISTERED, DELEGATED, VERIFIED\nperson:     Private Person\ne-mail:     autokad@mail.ru\nregistrar:  RU-CENTER-REG-RIPN\ncreated:    2004.07.28\npaid-till:  2012.07.28\nsource:     TCI\n\nLast updated on 2011.10.23 09:50:46 MSK/MSD\n\n', NOW(), '19')
[08:51:43] Closing database connection
[08:51:43] WhoisInfo has been saved successfully
[08:51:43] In saveWhoisInfo
[08:51:43] Connected successfully
[08:51:43] Query: INSERT whois_data (info, sync_date, domain_id)  VALUES ('% By submitting a query to RIPN\'s Whois Service\n% you agree to abide by the following terms of use:\n% http://www.ripn.net/about/servpol.html#3.2 (in Russian) \n% http://www.ripn.net/about/en/servpol.html#3.2 (in English).\n\ndomain:     RAMBLER.RU\nnserver:    ns2.rambler.ru. 81.19.66.61\nnserver:    ns3.rambler.ru. 81.19.66.62\nnserver:    ns4.rambler.ru. 81.19.67.89\nnserver:    ns5.rambler.ru. 81.19.67.90\nstate:      REGISTERED, DELEGATED, VERIFIED\norg:        Rambler Internet Holdings, LLC\nphone:      +7 495 9892909\nfax-no:     +7 495 9892908\ne-mail:     dns@rambler-co.ru\nregistrar:  RU-CENTER-REG-RIPN\ncreated:    1996.09.26\npaid-till:  2012.08.01\nsource:     TCI\n\nLast updated on 2011.10.23 09:50:46 MSK/MSD\n\n', NOW(), '3')
[08:51:43] Closing database connection
[08:51:43] WhoisInfo has been saved successfully
[08:51:43] In saveWhoisInfo
[08:51:43] Connected successfully
[08:51:43] Query: INSERT whois_data (info, sync_date, domain_id)  VALUES ('% By submitting a query to RIPN\'s Whois Service\n% you agree to abide by the following terms of use:\n% http://www.ripn.net/about/servpol.html#3.2 (in Russian) \n% http://www.ripn.net/about/en/servpol.html#3.2 (in English).\n\ndomain:     NEFART.RU\nnserver:    ns1.trinixy.com.\nnserver:    ns2.trinixy.com.\nstate:      REGISTERED, DELEGATED, VERIFIED\nperson:     Private Person\ne-mail:     admin@nefart.ru\nregistrar:  RU-CENTER-REG-RIPN\ncreated:    2009.03.26\npaid-till:  2012.03.26\nsource:     TCI\n\nLast updated on 2011.10.23 09:50:46 MSK/MSD\n\n', NOW(), '18')
[08:51:43] Closing database connection
[08:51:43] WhoisInfo has been saved successfully
[08:51:44] In saveWhoisInfo
[08:51:44] Connected successfully
[08:51:44] Query: INSERT whois_data (info, sync_date, domain_id)  VALUES ('% By submitting a query to RIPN\'s Whois Service\n% you agree to abide by the following terms of use:\n% http://www.ripn.net/about/servpol.html#3.2 (in Russian) \n% http://www.ripn.net/about/en/servpol.html#3.2 (in English).\n\ndomain:     WEBPARK.RU\nnserver:    ns1.imedia.ru.\nnserver:    ns2.imedia.ru.\nnserver:    ns3.imedia.ru.\nstate:      REGISTERED, DELEGATED, VERIFIED\norg:        United Press\nphone:      +7 095 2329262\nphone:      +7 095 2323200\nfax-no:     +7 095 2329272\ne-mail:     noc@imedia.ru\nregistrar:  RU-CENTER-REG-RIPN\ncreated:    2003.12.01\npaid-till:  2011.12.01\nsource:     TCI\n\nLast updated on 2011.10.23 09:50:46 MSK/MSD\n\n', NOW(), '16')
[08:51:44] Closing database connection
[08:51:44] WhoisInfo has been saved successfully
[08:51:44] In saveWhoisInfo
[08:51:44] Connected successfully
[08:51:44] Query: INSERT whois_data (info, sync_date, domain_id)  VALUES ('% By submitting a query to RIPN\'s Whois Service\n% you agree to abide by the following terms of use:\n% http://www.ripn.net/about/servpol.html#3.2 (in Russian) \n% http://www.ripn.net/about/en/servpol.html#3.2 (in English).\n\ndomain:     WAREZ.RU\nnserver:    ns1.sedoparking.com.\nnserver:    ns2.sedoparking.com.\nstate:      REGISTERED, DELEGATED, VERIFIED\norg:        Tevron Ltd\nphone:      +357 0000000\ne-mail:     tevron@poishi.com\nregistrar:  RU-CENTER-REG-RIPN\ncreated:    2001.03.05\npaid-till:  2012.03.06\nsource:     TCI\n\nLast updated on 2011.10.23 09:50:46 MSK/MSD\n\n', NOW(), '14')
[08:51:44] Closing database connection
[08:51:44] WhoisInfo has been saved successfully





================================================================================





















[08:58:39] In getDomainsList
[08:58:39] Connected successfully
[08:58:39] Query: SELECT domain, domain_id FROM domains WHERE Tld='.ru'
[08:58:39] $VAR1 = {
          'opennet.ru' => '11',
          'bugaga.ru' => '17',
          'trinixy.ru' => '15',
          'popmech.ru' => '21',
          'sql.ru' => '20',
          'habrahabr.ru' => '12',
          'render.ru' => '1',
          'yandex.ru' => '2',
          'reg.ru' => '13',
          'dwg.ru' => '19',
          'rambler.ru' => '3',
          'nefart.ru' => '18',
          'webpark.ru' => '16',
          'warez.ru' => '14'
        };

[08:58:39] Closing database connection
[08:58:39] In saveWhoisInfo
[08:58:39] Connected successfully
[08:58:39] Query: INSERT whois_data (info, sync_date, domain_id)  VALUES ('% By submitting a query to RIPN\'s Whois Service\n% you agree to abide by the following terms of use:\n% http://www.ripn.net/about/servpol.html#3.2 (in Russian) \n% http://www.ripn.net/about/en/servpol.html#3.2 (in English).\n\ndomain:     OPENNET.RU\nnserver:    ns.opennet.ru. 77.234.201.246\nnserver:    ns2.tyumen.ru.\nnserver:    ns3.tyumen.ru.\nstate:      REGISTERED, DELEGATED, UNVERIFIED\nperson:     Private Person\ne-mail:     mc@tyumen.ru\ne-mail:     maxim.chirkov@gmail.com\nregistrar:  RU-CENTER-REG-RIPN\ncreated:    1998.06.11\npaid-till:  2012.07.01\nsource:     TCI\n\nLast updated on 2011.10.23 09:55:46 MSK/MSD\n\n', NOW(), '11')
[08:58:39] Closing database connection
[08:58:39] WhoisInfo has been saved successfully
[08:58:39] In saveWhoisInfo
[08:58:39] Connected successfully
[08:58:39] Query: INSERT whois_data (info, sync_date, domain_id)  VALUES ('% By submitting a query to RIPN\'s Whois Service\n% you agree to abide by the following terms of use:\n% http://www.ripn.net/about/servpol.html#3.2 (in Russian) \n% http://www.ripn.net/about/en/servpol.html#3.2 (in English).\n\ndomain:     BUGAGA.RU\nnserver:    ns1.draldo.com.\nnserver:    ns2.draldo.com.\nstate:      REGISTERED, DELEGATED, VERIFIED\nperson:     Private Person\ne-mail:     alex@100stars.net\nregistrar:  R01-REG-RIPN\ncreated:    2005.12.21\npaid-till:  2011.12.21\nsource:     TCI\n\nLast updated on 2011.10.23 09:55:46 MSK/MSD\n\n', NOW(), '17')
[08:58:39] Closing database connection
[08:58:39] WhoisInfo has been saved successfully
[08:58:39] In saveWhoisInfo
[08:58:39] Connected successfully
[08:58:39] Query: INSERT whois_data (info, sync_date, domain_id)  VALUES ('% By submitting a query to RIPN\'s Whois Service\n% you agree to abide by the following terms of use:\n% http://www.ripn.net/about/servpol.html#3.2 (in Russian) \n% http://www.ripn.net/about/en/servpol.html#3.2 (in English).\n\ndomain:     TRINIXY.RU\nnserver:    ns1.trinixy.com.\nnserver:    ns2.trinixy.com.\nstate:      REGISTERED, DELEGATED, VERIFIED\nperson:     Private Person\ne-mail:     admin@trinixy.ru\nregistrar:  RU-CENTER-REG-RIPN\ncreated:    2006.12.18\npaid-till:  2011.12.18\nsource:     TCI\n\nLast updated on 2011.10.23 09:55:46 MSK/MSD\n\n', NOW(), '15')
[08:58:39] Closing database connection
[08:58:39] WhoisInfo has been saved successfully
[08:58:39] In saveWhoisInfo
[08:58:39] In saveWhoisInfo
[08:58:39] Connected successfully
[08:58:39] Query: INSERT whois_data (info, sync_date, domain_id)  VALUES ('% By submitting a query to RIPN\'s Whois Service\n% you agree to abide by the following terms of use:\n% http://www.ripn.net/about/servpol.html#3.2 (in Russian) \n% http://www.ripn.net/about/en/servpol.html#3.2 (in English).\n\ndomain:     SQL.RU\nnserver:    ns01.parking.ru.\nnserver:    ns11.parking.ru.\nstate:      REGISTERED, DELEGATED, VERIFIED\nperson:     Private Person\ne-mail:     admin@sql.ru\nregistrar:  RU-CENTER-REG-RIPN\ncreated:    2000.03.20\npaid-till:  2012.04.01\nsource:     TCI\n\nLast updated on 2011.10.23 09:55:46 MSK/MSD\n\n', NOW(), '20')
[08:58:39] Closing database connection
[08:58:39] WhoisInfo has been saved successfully
[08:58:39] Connected successfully
[08:58:39] Query: INSERT whois_data (info, sync_date, domain_id)  VALUES ('% By submitting a query to RIPN\'s Whois Service\n% you agree to abide by the following terms of use:\n% http://www.ripn.net/about/servpol.html#3.2 (in Russian) \n% http://www.ripn.net/about/en/servpol.html#3.2 (in English).\n\ndomain:     POPMECH.RU\nnserver:    ns1.imedia.ru.\nnserver:    ns2.imedia.ru.\nnserver:    ns3.imedia.ru.\nstate:      REGISTERED, DELEGATED, VERIFIED\norg:        United Press\nphone:      +7 095 2329262\nphone:      +7 095 2323200\nfax-no:     +7 095 2329272\ne-mail:     noc@imedia.ru\nregistrar:  RU-CENTER-REG-RIPN\ncreated:    2005.10.19\npaid-till:  2012.10.19\nsource:     TCI\n\nLast updated on 2011.10.23 09:55:46 MSK/MSD\n\n', NOW(), '21')
[08:58:39] Closing database connection
[08:58:39] WhoisInfo has been saved successfully
[08:58:39] In saveWhoisInfo
[08:58:39] Connected successfully
[08:58:39] Query: INSERT whois_data (info, sync_date, domain_id)  VALUES ('% By submitting a query to RIPN\'s Whois Service\n% you agree to abide by the following terms of use:\n% http://www.ripn.net/about/servpol.html#3.2 (in Russian) \n% http://www.ripn.net/about/en/servpol.html#3.2 (in English).\n\ndomain:     HABRAHABR.RU\nnserver:    ns1.habradns.net.\nnserver:    ns2.habradns.net.\nstate:      REGISTERED, DELEGATED, UNVERIFIED\norg:        Invento Holdings Limited\nphone:      +7 495 0000000\nfax-no:     +7 495 0000000\ne-mail:     deniskin@gmail.com\ne-mail:     servers@thematicmedia.ru\nregistrar:  REGISTRATOR-REG-RIPN\ncreated:    2006.04.18\npaid-till:  2012.04.18\nsource:     TCI\n\nLast updated on 2011.10.23 09:55:46 MSK/MSD\n\n', NOW(), '12')
[08:58:39] Closing database connection
[08:58:39] WhoisInfo has been saved successfully
[08:58:39] In saveWhoisInfo
[08:58:40] Connected successfully
[08:58:40] Query: INSERT whois_data (info, sync_date, domain_id)  VALUES ('% By submitting a query to RIPN\'s Whois Service\n% you agree to abide by the following terms of use:\n% http://www.ripn.net/about/servpol.html#3.2 (in Russian) \n% http://www.ripn.net/about/en/servpol.html#3.2 (in English).\n\ndomain:     YANDEX.RU\nnserver:    ns1.yandex.ru. 213.180.193.1\nnserver:    ns2.yandex.ru. 213.180.199.34\nnserver:    ns4.yandex.ru. 77.88.19.60\nnserver:    ns5.yandex.ru. 213.180.204.1\nstate:      REGISTERED, DELEGATED, VERIFIED\norg:        YANDEX, LLC.\nphone:      +7 495 7397000\nfax-no:     +7 495 7397070\ne-mail:     noc@yandex.net\nregistrar:  RU-CENTER-REG-RIPN\ncreated:    1997.09.23\npaid-till:  2012.10.01\nsource:     TCI\n\nLast updated on 2011.10.23 09:55:46 MSK/MSD\n\n', NOW(), '2')
[08:58:40] Closing database connection
[08:58:40] WhoisInfo has been saved successfully
[08:58:40] In saveWhoisInfo
[08:58:40] Connected successfully
[08:58:40] Query: INSERT whois_data (info, sync_date, domain_id)  VALUES ('% By submitting a query to RIPN\'s Whois Service\n% you agree to abide by the following terms of use:\n% http://www.ripn.net/about/servpol.html#3.2 (in Russian) \n% http://www.ripn.net/about/en/servpol.html#3.2 (in English).\n\ndomain:     REG.RU\nnserver:    ns1.reg.ru. 83.222.2.69\nnserver:    ns2.reg.ru. 178.218.208.130\nstate:      REGISTERED, DELEGATED, VERIFIED\norg:        Domain name registrar REG.RU Ltd.\nphone:      +7 495 5801111\nfax-no:     +7 495 4915553\ne-mail:     info@reg.ru\nregistrar:  REGRU-REG-RIPN\ncreated:    2005.11.01\npaid-till:  2012.11.01\nsource:     TCI\n\nLast updated on 2011.10.23 09:55:46 MSK/MSD\n\n', NOW(), '13')
[08:58:40] Closing database connection
[08:58:40] WhoisInfo has been saved successfully
[08:58:40] In saveWhoisInfo
[08:58:40] Connected successfully
[08:58:40] Query: INSERT whois_data (info, sync_date, domain_id)  VALUES ('% By submitting a query to RIPN\'s Whois Service\n% you agree to abide by the following terms of use:\n% http://www.ripn.net/about/servpol.html#3.2 (in Russian) \n% http://www.ripn.net/about/en/servpol.html#3.2 (in English).\n\ndomain:     DWG.RU\nnserver:    ns3.nic.ru.\nnserver:    ns4.nic.ru.\nnserver:    ns8.nic.ru.\nstate:      REGISTERED, DELEGATED, VERIFIED\nperson:     Private Person\ne-mail:     autokad@mail.ru\nregistrar:  RU-CENTER-REG-RIPN\ncreated:    2004.07.28\npaid-till:  2012.07.28\nsource:     TCI\n\nLast updated on 2011.10.23 09:55:46 MSK/MSD\n\n', NOW(), '19')
[08:58:40] Closing database connection
[08:58:40] WhoisInfo has been saved successfully
[08:58:40] In saveWhoisInfo
[08:58:40] In saveWhoisInfo
[08:58:40] Connected successfully
[08:58:40] Query: INSERT whois_data (info, sync_date, domain_id)  VALUES ('% By submitting a query to RIPN\'s Whois Service\n% you agree to abide by the following terms of use:\n% http://www.ripn.net/about/servpol.html#3.2 (in Russian) \n% http://www.ripn.net/about/en/servpol.html#3.2 (in English).\n\ndomain:     RAMBLER.RU\nnserver:    ns2.rambler.ru. 81.19.66.61\nnserver:    ns3.rambler.ru. 81.19.66.62\nnserver:    ns4.rambler.ru. 81.19.67.89\nnserver:    ns5.rambler.ru. 81.19.67.90\nstate:      REGISTERED, DELEGATED, VERIFIED\norg:        Rambler Internet Holdings, LLC\nphone:      +7 495 9892909\nfax-no:     +7 495 9892908\ne-mail:     dns@rambler-co.ru\nregistrar:  RU-CENTER-REG-RIPN\ncreated:    1996.09.26\npaid-till:  2012.08.01\nsource:     TCI\n\nLast updated on 2011.10.23 09:55:46 MSK/MSD\n\n', NOW(), '3')
[08:58:40] Closing database connection
[08:58:40] WhoisInfo has been saved successfully
[08:58:40] Connected successfully
[08:58:40] Query: INSERT whois_data (info, sync_date, domain_id)  VALUES ('% By submitting a query to RIPN\'s Whois Service\n% you agree to abide by the following terms of use:\n% http://www.ripn.net/about/servpol.html#3.2 (in Russian) \n% http://www.ripn.net/about/en/servpol.html#3.2 (in English).\n\ndomain:     NEFART.RU\nnserver:    ns1.trinixy.com.\nnserver:    ns2.trinixy.com.\nstate:      REGISTERED, DELEGATED, VERIFIED\nperson:     Private Person\ne-mail:     admin@nefart.ru\nregistrar:  RU-CENTER-REG-RIPN\ncreated:    2009.03.26\npaid-till:  2012.03.26\nsource:     TCI\n\nLast updated on 2011.10.23 09:55:46 MSK/MSD\n\n', NOW(), '18')
[08:58:40] Closing database connection
[08:58:40] WhoisInfo has been saved successfully
[08:58:40] In saveWhoisInfo
[08:58:40] Connected successfully
[08:58:40] Query: INSERT whois_data (info, sync_date, domain_id)  VALUES ('% By submitting a query to RIPN\'s Whois Service\n% you agree to abide by the following terms of use:\n% http://www.ripn.net/about/servpol.html#3.2 (in Russian) \n% http://www.ripn.net/about/en/servpol.html#3.2 (in English).\n\ndomain:     WEBPARK.RU\nnserver:    ns1.imedia.ru.\nnserver:    ns2.imedia.ru.\nnserver:    ns3.imedia.ru.\nstate:      REGISTERED, DELEGATED, VERIFIED\norg:        United Press\nphone:      +7 095 2329262\nphone:      +7 095 2323200\nfax-no:     +7 095 2329272\ne-mail:     noc@imedia.ru\nregistrar:  RU-CENTER-REG-RIPN\ncreated:    2003.12.01\npaid-till:  2011.12.01\nsource:     TCI\n\nLast updated on 2011.10.23 09:55:46 MSK/MSD\n\n', NOW(), '16')
[08:58:40] Closing database connection
[08:58:40] WhoisInfo has been saved successfully
[08:58:40] In saveWhoisInfo
[08:58:40] Connected successfully
[08:58:40] Query: INSERT whois_data (info, sync_date, domain_id)  VALUES ('% By submitting a query to RIPN\'s Whois Service\n% you agree to abide by the following terms of use:\n% http://www.ripn.net/about/servpol.html#3.2 (in Russian) \n% http://www.ripn.net/about/en/servpol.html#3.2 (in English).\n\ndomain:     WAREZ.RU\nnserver:    ns1.sedoparking.com.\nnserver:    ns2.sedoparking.com.\nstate:      REGISTERED, DELEGATED, VERIFIED\norg:        Tevron Ltd\nphone:      +357 0000000\ne-mail:     tevron@poishi.com\nregistrar:  RU-CENTER-REG-RIPN\ncreated:    2001.03.05\npaid-till:  2012.03.06\nsource:     TCI\n\nLast updated on 2011.10.23 09:55:46 MSK/MSD\n\n', NOW(), '14')
[08:58:40] Closing database connection
[08:58:40] WhoisInfo has been saved successfully
[08:59:00] In saveWhoisInfo
[08:59:00] Connected successfully
[08:59:00] Query: INSERT whois_data (info, sync_date, domain_id)  VALUES (NULL, NOW(), '1')
[08:59:00] Closing database connection
[08:59:00] WhoisInfo has been saved successfully




********************************************************************************





[08:59:52] In getDomainsList
[08:59:52] Connected successfully
[08:59:52] Query: SELECT domain, domain_id FROM domains WHERE Tld='.ru'
[08:59:52] $VAR1 = {
          'opennet.ru' => '11',
          'bugaga.ru' => '17',
          'trinixy.ru' => '15',
          'popmech.ru' => '21',
          'sql.ru' => '20',
          'habrahabr.ru' => '12',
          'render.ru' => '1',
          'yandex.ru' => '2',
          'reg.ru' => '13',
          'dwg.ru' => '19',
          'rambler.ru' => '3',
          'nefart.ru' => '18',
          'webpark.ru' => '16',
          'warez.ru' => '14'
        };

[08:59:52] Closing database connection
[08:59:52] In saveWhoisInfo
[08:59:52] Connected successfully
[08:59:52] Query: INSERT whois_data (info, sync_date, domain_id)  VALUES ('% By submitting a query to RIPN\'s Whois Service\n% you agree to abide by the following terms of use:\n% http://www.ripn.net/about/servpol.html#3.2 (in Russian) \n% http://www.ripn.net/about/en/servpol.html#3.2 (in English).\n\ndomain:     OPENNET.RU\nnserver:    ns.opennet.ru. 77.234.201.246\nnserver:    ns2.tyumen.ru.\nnserver:    ns3.tyumen.ru.\nstate:      REGISTERED, DELEGATED, UNVERIFIED\nperson:     Private Person\ne-mail:     mc@tyumen.ru\ne-mail:     maxim.chirkov@gmail.com\nregistrar:  RU-CENTER-REG-RIPN\ncreated:    1998.06.11\npaid-till:  2012.07.01\nsource:     TCI\n\nLast updated on 2011.10.23 09:55:46 MSK/MSD\n\n', NOW(), '11')
[08:59:52] Closing database connection
[08:59:52] WhoisInfo has been saved successfully
[08:59:53] In saveWhoisInfo
[08:59:53] Connected successfully
[08:59:53] Query: INSERT whois_data (info, sync_date, domain_id)  VALUES ('% By submitting a query to RIPN\'s Whois Service\n% you agree to abide by the following terms of use:\n% http://www.ripn.net/about/servpol.html#3.2 (in Russian) \n% http://www.ripn.net/about/en/servpol.html#3.2 (in English).\n\ndomain:     BUGAGA.RU\nnserver:    ns1.draldo.com.\nnserver:    ns2.draldo.com.\nstate:      REGISTERED, DELEGATED, VERIFIED\nperson:     Private Person\ne-mail:     alex@100stars.net\nregistrar:  R01-REG-RIPN\ncreated:    2005.12.21\npaid-till:  2011.12.21\nsource:     TCI\n\nLast updated on 2011.10.23 09:55:46 MSK/MSD\n\n', NOW(), '17')
[08:59:53] Closing database connection
[08:59:53] WhoisInfo has been saved successfully
[08:59:53] In saveWhoisInfo
[08:59:53] Connected successfully
[08:59:53] Query: INSERT whois_data (info, sync_date, domain_id)  VALUES ('% By submitting a query to RIPN\'s Whois Service\n% you agree to abide by the following terms of use:\n% http://www.ripn.net/about/servpol.html#3.2 (in Russian) \n% http://www.ripn.net/about/en/servpol.html#3.2 (in English).\n\ndomain:     TRINIXY.RU\nnserver:    ns1.trinixy.com.\nnserver:    ns2.trinixy.com.\nstate:      REGISTERED, DELEGATED, VERIFIED\nperson:     Private Person\ne-mail:     admin@trinixy.ru\nregistrar:  RU-CENTER-REG-RIPN\ncreated:    2006.12.18\npaid-till:  2011.12.18\nsource:     TCI\n\nLast updated on 2011.10.23 09:55:46 MSK/MSD\n\n', NOW(), '15')
[08:59:53] Closing database connection
[08:59:53] WhoisInfo has been saved successfully
[08:59:53] In saveWhoisInfo
[08:59:53] Connected successfully
[08:59:53] Query: INSERT whois_data (info, sync_date, domain_id)  VALUES ('% By submitting a query to RIPN\'s Whois Service\n% you agree to abide by the following terms of use:\n% http://www.ripn.net/about/servpol.html#3.2 (in Russian) \n% http://www.ripn.net/about/en/servpol.html#3.2 (in English).\n\ndomain:     POPMECH.RU\nnserver:    ns1.imedia.ru.\nnserver:    ns2.imedia.ru.\nnserver:    ns3.imedia.ru.\nstate:      REGISTERED, DELEGATED, VERIFIED\norg:        United Press\nphone:      +7 095 2329262\nphone:      +7 095 2323200\nfax-no:     +7 095 2329272\ne-mail:     noc@imedia.ru\nregistrar:  RU-CENTER-REG-RIPN\ncreated:    2005.10.19\npaid-till:  2012.10.19\nsource:     TCI\n\nLast updated on 2011.10.23 09:55:46 MSK/MSD\n\n', NOW(), '21')
[08:59:53] Closing database connection
[08:59:53] WhoisInfo has been saved successfully
[08:59:53] In saveWhoisInfo
[08:59:53] Connected successfully
[08:59:53] Query: INSERT whois_data (info, sync_date, domain_id)  VALUES ('% By submitting a query to RIPN\'s Whois Service\n% you agree to abide by the following terms of use:\n% http://www.ripn.net/about/servpol.html#3.2 (in Russian) \n% http://www.ripn.net/about/en/servpol.html#3.2 (in English).\n\ndomain:     SQL.RU\nnserver:    ns01.parking.ru.\nnserver:    ns11.parking.ru.\nstate:      REGISTERED, DELEGATED, VERIFIED\nperson:     Private Person\ne-mail:     admin@sql.ru\nregistrar:  RU-CENTER-REG-RIPN\ncreated:    2000.03.20\npaid-till:  2012.04.01\nsource:     TCI\n\nLast updated on 2011.10.23 09:55:46 MSK/MSD\n\n', NOW(), '20')
[08:59:53] Closing database connection
[08:59:53] WhoisInfo has been saved successfully
[08:59:54] In saveWhoisInfo
[08:59:54] Connected successfully
[08:59:54] Query: INSERT whois_data (info, sync_date, domain_id)  VALUES ('% By submitting a query to RIPN\'s Whois Service\n% you agree to abide by the following terms of use:\n% http://www.ripn.net/about/servpol.html#3.2 (in Russian) \n% http://www.ripn.net/about/en/servpol.html#3.2 (in English).\n\ndomain:     HABRAHABR.RU\nnserver:    ns1.habradns.net.\nnserver:    ns2.habradns.net.\nstate:      REGISTERED, DELEGATED, UNVERIFIED\norg:        Invento Holdings Limited\nphone:      +7 495 0000000\nfax-no:     +7 495 0000000\ne-mail:     deniskin@gmail.com\ne-mail:     servers@thematicmedia.ru\nregistrar:  REGISTRATOR-REG-RIPN\ncreated:    2006.04.18\npaid-till:  2012.04.18\nsource:     TCI\n\nLast updated on 2011.10.23 09:55:46 MSK/MSD\n\n', NOW(), '12')
[08:59:54] Closing database connection
[08:59:54] WhoisInfo has been saved successfully
[08:59:54] In saveWhoisInfo
[08:59:54] Connected successfully
[08:59:54] Query: INSERT whois_data (info, sync_date, domain_id)  VALUES ('% By submitting a query to RIPN\'s Whois Service\n% you agree to abide by the following terms of use:\n% http://www.ripn.net/about/servpol.html#3.2 (in Russian) \n% http://www.ripn.net/about/en/servpol.html#3.2 (in English).\n\ndomain:     RENDER.RU\nnserver:    ns1.render.ru. 81.9.6.2\nnserver:    ns2.render.ru. 81.222.132.251\nstate:      REGISTERED, DELEGATED, VERIFIED\nperson:     Private Person\ne-mail:     stas@als.ru\ne-mail:     tech@als.ru\nregistrar:  RU-CENTER-REG-RIPN\ncreated:    1999.11.19\npaid-till:  2011.12.01\nsource:     TCI\n\nLast updated on 2011.10.23 09:55:46 MSK/MSD\n\n', NOW(), '1')
[08:59:54] Closing database connection
[08:59:54] WhoisInfo has been saved successfully
[08:59:54] In saveWhoisInfo
[08:59:54] Connected successfully
[08:59:54] Query: INSERT whois_data (info, sync_date, domain_id)  VALUES ('% By submitting a query to RIPN\'s Whois Service\n% you agree to abide by the following terms of use:\n% http://www.ripn.net/about/servpol.html#3.2 (in Russian) \n% http://www.ripn.net/about/en/servpol.html#3.2 (in English).\n\ndomain:     YANDEX.RU\nnserver:    ns1.yandex.ru. 213.180.193.1\nnserver:    ns2.yandex.ru. 213.180.199.34\nnserver:    ns4.yandex.ru. 77.88.19.60\nnserver:    ns5.yandex.ru. 213.180.204.1\nstate:      REGISTERED, DELEGATED, VERIFIED\norg:        YANDEX, LLC.\nphone:      +7 495 7397000\nfax-no:     +7 495 7397070\ne-mail:     noc@yandex.net\nregistrar:  RU-CENTER-REG-RIPN\ncreated:    1997.09.23\npaid-till:  2012.10.01\nsource:     TCI\n\nLast updated on 2011.10.23 09:55:46 MSK/MSD\n\n', NOW(), '2')
[08:59:54] Closing database connection
[08:59:54] WhoisInfo has been saved successfully
[08:59:55] In saveWhoisInfo
[08:59:55] Connected successfully
[08:59:55] Query: INSERT whois_data (info, sync_date, domain_id)  VALUES ('% By submitting a query to RIPN\'s Whois Service\n% you agree to abide by the following terms of use:\n% http://www.ripn.net/about/servpol.html#3.2 (in Russian) \n% http://www.ripn.net/about/en/servpol.html#3.2 (in English).\n\ndomain:     REG.RU\nnserver:    ns1.reg.ru. 83.222.2.69\nnserver:    ns2.reg.ru. 178.218.208.130\nstate:      REGISTERED, DELEGATED, VERIFIED\norg:        Domain name registrar REG.RU Ltd.\nphone:      +7 495 5801111\nfax-no:     +7 495 4915553\ne-mail:     info@reg.ru\nregistrar:  REGRU-REG-RIPN\ncreated:    2005.11.01\npaid-till:  2012.11.01\nsource:     TCI\n\nLast updated on 2011.10.23 09:55:46 MSK/MSD\n\n', NOW(), '13')
[08:59:55] Closing database connection
[08:59:55] WhoisInfo has been saved successfully
[08:59:55] In saveWhoisInfo
[08:59:55] Connected successfully
[08:59:55] Query: INSERT whois_data (info, sync_date, domain_id)  VALUES ('% By submitting a query to RIPN\'s Whois Service\n% you agree to abide by the following terms of use:\n% http://www.ripn.net/about/servpol.html#3.2 (in Russian) \n% http://www.ripn.net/about/en/servpol.html#3.2 (in English).\n\ndomain:     DWG.RU\nnserver:    ns3.nic.ru.\nnserver:    ns4.nic.ru.\nnserver:    ns8.nic.ru.\nstate:      REGISTERED, DELEGATED, VERIFIED\nperson:     Private Person\ne-mail:     autokad@mail.ru\nregistrar:  RU-CENTER-REG-RIPN\ncreated:    2004.07.28\npaid-till:  2012.07.28\nsource:     TCI\n\nLast updated on 2011.10.23 09:55:46 MSK/MSD\n\n', NOW(), '19')
[08:59:55] Closing database connection
[08:59:55] WhoisInfo has been saved successfully
[08:59:55] In saveWhoisInfo
[08:59:55] Connected successfully
[08:59:55] Query: INSERT whois_data (info, sync_date, domain_id)  VALUES ('% By submitting a query to RIPN\'s Whois Service\n% you agree to abide by the following terms of use:\n% http://www.ripn.net/about/servpol.html#3.2 (in Russian) \n% http://www.ripn.net/about/en/servpol.html#3.2 (in English).\n\ndomain:     RAMBLER.RU\nnserver:    ns2.rambler.ru. 81.19.66.61\nnserver:    ns3.rambler.ru. 81.19.66.62\nnserver:    ns4.rambler.ru. 81.19.67.89\nnserver:    ns5.rambler.ru. 81.19.67.90\nstate:      REGISTERED, DELEGATED, VERIFIED\norg:        Rambler Internet Holdings, LLC\nphone:      +7 495 9892909\nfax-no:     +7 495 9892908\ne-mail:     dns@rambler-co.ru\nregistrar:  RU-CENTER-REG-RIPN\ncreated:    1996.09.26\npaid-till:  2012.08.01\nsource:     TCI\n\nLast updated on 2011.10.23 09:55:46 MSK/MSD\n\n', NOW(), '3')
[08:59:55] Closing database connection
[08:59:55] WhoisInfo has been saved successfully
[08:59:55] In saveWhoisInfo
[08:59:55] Connected successfully
[08:59:55] Query: INSERT whois_data (info, sync_date, domain_id)  VALUES ('% By submitting a query to RIPN\'s Whois Service\n% you agree to abide by the following terms of use:\n% http://www.ripn.net/about/servpol.html#3.2 (in Russian) \n% http://www.ripn.net/about/en/servpol.html#3.2 (in English).\n\ndomain:     NEFART.RU\nnserver:    ns1.trinixy.com.\nnserver:    ns2.trinixy.com.\nstate:      REGISTERED, DELEGATED, VERIFIED\nperson:     Private Person\ne-mail:     admin@nefart.ru\nregistrar:  RU-CENTER-REG-RIPN\ncreated:    2009.03.26\npaid-till:  2012.03.26\nsource:     TCI\n\nLast updated on 2011.10.23 09:55:46 MSK/MSD\n\n', NOW(), '18')
[08:59:55] Closing database connection
[08:59:55] WhoisInfo has been saved successfully
[08:59:56] In saveWhoisInfo
[08:59:56] Connected successfully
[08:59:56] Query: INSERT whois_data (info, sync_date, domain_id)  VALUES ('% By submitting a query to RIPN\'s Whois Service\n% you agree to abide by the following terms of use:\n% http://www.ripn.net/about/servpol.html#3.2 (in Russian) \n% http://www.ripn.net/about/en/servpol.html#3.2 (in English).\n\ndomain:     WEBPARK.RU\nnserver:    ns1.imedia.ru.\nnserver:    ns2.imedia.ru.\nnserver:    ns3.imedia.ru.\nstate:      REGISTERED, DELEGATED, VERIFIED\norg:        United Press\nphone:      +7 095 2329262\nphone:      +7 095 2323200\nfax-no:     +7 095 2329272\ne-mail:     noc@imedia.ru\nregistrar:  RU-CENTER-REG-RIPN\ncreated:    2003.12.01\npaid-till:  2011.12.01\nsource:     TCI\n\nLast updated on 2011.10.23 09:55:46 MSK/MSD\n\n', NOW(), '16')
[08:59:56] Closing database connection
[08:59:56] WhoisInfo has been saved successfully
[08:59:56] In saveWhoisInfo
[08:59:56] Connected successfully
[08:59:56] Query: INSERT whois_data (info, sync_date, domain_id)  VALUES ('% By submitting a query to RIPN\'s Whois Service\n% you agree to abide by the following terms of use:\n% http://www.ripn.net/about/servpol.html#3.2 (in Russian) \n% http://www.ripn.net/about/en/servpol.html#3.2 (in English).\n\ndomain:     WAREZ.RU\nnserver:    ns1.sedoparking.com.\nnserver:    ns2.sedoparking.com.\nstate:      REGISTERED, DELEGATED, VERIFIED\norg:        Tevron Ltd\nphone:      +357 0000000\ne-mail:     tevron@poishi.com\nregistrar:  RU-CENTER-REG-RIPN\ncreated:    2001.03.05\npaid-till:  2012.03.06\nsource:     TCI\n\nLast updated on 2011.10.23 09:55:46 MSK/MSD\n\n', NOW(), '14')
[08:59:56] Closing database connection
[08:59:56] WhoisInfo has been saved successfully




~~~~~~~~~~~~~~~~~~~~~~~~~~~~~~~~~~~~~~~~~~~~~~~~~~~~~~~~~~~~~~~~~~~~~~~~~~~~~~~~





[09:00:30] In getDomainsList
[09:00:30] Connected successfully
[09:00:30] Query: SELECT domain, domain_id FROM domains WHERE Tld='.ru'
[09:00:30] $VAR1 = {
          'opennet.ru' => '11',
          'bugaga.ru' => '17',
          'trinixy.ru' => '15',
          'popmech.ru' => '21',
          'sql.ru' => '20',
          'habrahabr.ru' => '12',
          'render.ru' => '1',
          'yandex.ru' => '2',
          'reg.ru' => '13',
          'dwg.ru' => '19',
          'rambler.ru' => '3',
          'nefart.ru' => '18',
          'webpark.ru' => '16',
          'warez.ru' => '14'
        };

[09:00:30] Closing database connection
[09:00:31] In saveWhoisInfo
[09:00:31] In saveWhoisInfo
[09:00:31] Connected successfully
[09:00:31] Query: INSERT whois_data (info, sync_date, domain_id)  VALUES ('% By submitting a query to RIPN\'s Whois Service\n% you agree to abide by the following terms of use:\n% http://www.ripn.net/about/servpol.html#3.2 (in Russian) \n% http://www.ripn.net/about/en/servpol.html#3.2 (in English).\n\ndomain:     OPENNET.RU\nnserver:    ns.opennet.ru. 77.234.201.246\nnserver:    ns2.tyumen.ru.\nnserver:    ns3.tyumen.ru.\nstate:      REGISTERED, DELEGATED, UNVERIFIED\nperson:     Private Person\ne-mail:     mc@tyumen.ru\ne-mail:     maxim.chirkov@gmail.com\nregistrar:  RU-CENTER-REG-RIPN\ncreated:    1998.06.11\npaid-till:  2012.07.01\nsource:     TCI\n\nLast updated on 2011.10.23 09:55:46 MSK/MSD\n\n', NOW(), '11')
[09:00:31] Connected successfully
[09:00:31] Query: INSERT whois_data (info, sync_date, domain_id)  VALUES ('% By submitting a query to RIPN\'s Whois Service\n% you agree to abide by the following terms of use:\n% http://www.ripn.net/about/servpol.html#3.2 (in Russian) \n% http://www.ripn.net/about/en/servpol.html#3.2 (in English).\n\ndomain:     BUGAGA.RU\nnserver:    ns1.draldo.com.\nnserver:    ns2.draldo.com.\nstate:      REGISTERED, DELEGATED, VERIFIED\nperson:     Private Person\ne-mail:     alex@100stars.net\nregistrar:  R01-REG-RIPN\ncreated:    2005.12.21\npaid-till:  2011.12.21\nsource:     TCI\n\nLast updated on 2011.10.23 09:55:46 MSK/MSD\n\n', NOW(), '17')
[09:00:31] Closing database connection
[09:00:31] Closing database connection
[09:00:31] WhoisInfo has been saved successfully
[09:00:31] WhoisInfo has been saved successfully
[09:00:31] In saveWhoisInfo
[09:00:31] Connected successfully
[09:00:31] Query: INSERT whois_data (info, sync_date, domain_id)  VALUES ('% By submitting a query to RIPN\'s Whois Service\n% you agree to abide by the following terms of use:\n% http://www.ripn.net/about/servpol.html#3.2 (in Russian) \n% http://www.ripn.net/about/en/servpol.html#3.2 (in English).\n\ndomain:     TRINIXY.RU\nnserver:    ns1.trinixy.com.\nnserver:    ns2.trinixy.com.\nstate:      REGISTERED, DELEGATED, VERIFIED\nperson:     Private Person\ne-mail:     admin@trinixy.ru\nregistrar:  RU-CENTER-REG-RIPN\ncreated:    2006.12.18\npaid-till:  2011.12.18\nsource:     TCI\n\nLast updated on 2011.10.23 09:55:46 MSK/MSD\n\n', NOW(), '15')
[09:00:31] Closing database connection
[09:00:31] WhoisInfo has been saved successfully
[09:00:31] In saveWhoisInfo
[09:00:31] Connected successfully
[09:00:31] Query: INSERT whois_data (info, sync_date, domain_id)  VALUES ('% By submitting a query to RIPN\'s Whois Service\n% you agree to abide by the following terms of use:\n% http://www.ripn.net/about/servpol.html#3.2 (in Russian) \n% http://www.ripn.net/about/en/servpol.html#3.2 (in English).\n\ndomain:     POPMECH.RU\nnserver:    ns1.imedia.ru.\nnserver:    ns2.imedia.ru.\nnserver:    ns3.imedia.ru.\nstate:      REGISTERED, DELEGATED, VERIFIED\norg:        United Press\nphone:      +7 095 2329262\nphone:      +7 095 2323200\nfax-no:     +7 095 2329272\ne-mail:     noc@imedia.ru\nregistrar:  RU-CENTER-REG-RIPN\ncreated:    2005.10.19\npaid-till:  2012.10.19\nsource:     TCI\n\nLast updated on 2011.10.23 09:55:46 MSK/MSD\n\n', NOW(), '21')
[09:00:31] In saveWhoisInfo
[09:00:31] Closing database connection
[09:00:31] WhoisInfo has been saved successfully
[09:00:31] Connected successfully
[09:00:31] Query: INSERT whois_data (info, sync_date, domain_id)  VALUES ('% By submitting a query to RIPN\'s Whois Service\n% you agree to abide by the following terms of use:\n% http://www.ripn.net/about/servpol.html#3.2 (in Russian) \n% http://www.ripn.net/about/en/servpol.html#3.2 (in English).\n\ndomain:     SQL.RU\nnserver:    ns01.parking.ru.\nnserver:    ns11.parking.ru.\nstate:      REGISTERED, DELEGATED, VERIFIED\nperson:     Private Person\ne-mail:     admin@sql.ru\nregistrar:  RU-CENTER-REG-RIPN\ncreated:    2000.03.20\npaid-till:  2012.04.01\nsource:     TCI\n\nLast updated on 2011.10.23 09:55:46 MSK/MSD\n\n', NOW(), '20')
[09:00:31] Closing database connection
[09:00:31] WhoisInfo has been saved successfully
[09:00:31] In saveWhoisInfo
[09:00:31] Connected successfully
[09:00:31] Query: INSERT whois_data (info, sync_date, domain_id)  VALUES ('% By submitting a query to RIPN\'s Whois Service\n% you agree to abide by the following terms of use:\n% http://www.ripn.net/about/servpol.html#3.2 (in Russian) \n% http://www.ripn.net/about/en/servpol.html#3.2 (in English).\n\ndomain:     HABRAHABR.RU\nnserver:    ns1.habradns.net.\nnserver:    ns2.habradns.net.\nstate:      REGISTERED, DELEGATED, UNVERIFIED\norg:        Invento Holdings Limited\nphone:      +7 495 0000000\nfax-no:     +7 495 0000000\ne-mail:     deniskin@gmail.com\ne-mail:     servers@thematicmedia.ru\nregistrar:  REGISTRATOR-REG-RIPN\ncreated:    2006.04.18\npaid-till:  2012.04.18\nsource:     TCI\n\nLast updated on 2011.10.23 09:55:46 MSK/MSD\n\n', NOW(), '12')
[09:00:31] Closing database connection
[09:00:31] WhoisInfo has been saved successfully
[09:00:31] In saveWhoisInfo
[09:00:31] Connected successfully
[09:00:31] Query: INSERT whois_data (info, sync_date, domain_id)  VALUES ('% By submitting a query to RIPN\'s Whois Service\n% you agree to abide by the following terms of use:\n% http://www.ripn.net/about/servpol.html#3.2 (in Russian) \n% http://www.ripn.net/about/en/servpol.html#3.2 (in English).\n\ndomain:     RENDER.RU\nnserver:    ns1.render.ru. 81.9.6.2\nnserver:    ns2.render.ru. 81.222.132.251\nstate:      REGISTERED, DELEGATED, VERIFIED\nperson:     Private Person\ne-mail:     stas@als.ru\ne-mail:     tech@als.ru\nregistrar:  RU-CENTER-REG-RIPN\ncreated:    1999.11.19\npaid-till:  2011.12.01\nsource:     TCI\n\nLast updated on 2011.10.23 09:55:46 MSK/MSD\n\n', NOW(), '1')
[09:00:31] Closing database connection
[09:00:31] WhoisInfo has been saved successfully
[09:00:31] In saveWhoisInfo
[09:00:31] Connected successfully
[09:00:31] Query: INSERT whois_data (info, sync_date, domain_id)  VALUES ('% By submitting a query to RIPN\'s Whois Service\n% you agree to abide by the following terms of use:\n% http://www.ripn.net/about/servpol.html#3.2 (in Russian) \n% http://www.ripn.net/about/en/servpol.html#3.2 (in English).\n\ndomain:     YANDEX.RU\nnserver:    ns1.yandex.ru. 213.180.193.1\nnserver:    ns2.yandex.ru. 213.180.199.34\nnserver:    ns4.yandex.ru. 77.88.19.60\nnserver:    ns5.yandex.ru. 213.180.204.1\nstate:      REGISTERED, DELEGATED, VERIFIED\norg:        YANDEX, LLC.\nphone:      +7 495 7397000\nfax-no:     +7 495 7397070\ne-mail:     noc@yandex.net\nregistrar:  RU-CENTER-REG-RIPN\ncreated:    1997.09.23\npaid-till:  2012.10.01\nsource:     TCI\n\nLast updated on 2011.10.23 09:55:46 MSK/MSD\n\n', NOW(), '2')
[09:00:31] Closing database connection
[09:00:31] WhoisInfo has been saved successfully
[09:00:31] In saveWhoisInfo
[09:00:31] Connected successfully
[09:00:31] Query: INSERT whois_data (info, sync_date, domain_id)  VALUES ('% By submitting a query to RIPN\'s Whois Service\n% you agree to abide by the following terms of use:\n% http://www.ripn.net/about/servpol.html#3.2 (in Russian) \n% http://www.ripn.net/about/en/servpol.html#3.2 (in English).\n\ndomain:     DWG.RU\nnserver:    ns3.nic.ru.\nnserver:    ns4.nic.ru.\nnserver:    ns8.nic.ru.\nstate:      REGISTERED, DELEGATED, VERIFIED\nperson:     Private Person\ne-mail:     autokad@mail.ru\nregistrar:  RU-CENTER-REG-RIPN\ncreated:    2004.07.28\npaid-till:  2012.07.28\nsource:     TCI\n\nLast updated on 2011.10.23 09:55:46 MSK/MSD\n\n', NOW(), '19')
[09:00:31] Closing database connection
[09:00:31] WhoisInfo has been saved successfully
[09:00:31] In saveWhoisInfo
[09:00:31] Connected successfully
[09:00:31] Query: INSERT whois_data (info, sync_date, domain_id)  VALUES ('% By submitting a query to RIPN\'s Whois Service\n% you agree to abide by the following terms of use:\n% http://www.ripn.net/about/servpol.html#3.2 (in Russian) \n% http://www.ripn.net/about/en/servpol.html#3.2 (in English).\n\ndomain:     REG.RU\nnserver:    ns1.reg.ru. 83.222.2.69\nnserver:    ns2.reg.ru. 178.218.208.130\nstate:      REGISTERED, DELEGATED, VERIFIED\norg:        Domain name registrar REG.RU Ltd.\nphone:      +7 495 5801111\nfax-no:     +7 495 4915553\ne-mail:     info@reg.ru\nregistrar:  REGRU-REG-RIPN\ncreated:    2005.11.01\npaid-till:  2012.11.01\nsource:     TCI\n\nLast updated on 2011.10.23 09:55:46 MSK/MSD\n\n', NOW(), '13')
[09:00:31] Closing database connection
[09:00:31] WhoisInfo has been saved successfully
[09:00:31] In saveWhoisInfo
[09:00:31] Connected successfully
[09:00:31] Query: INSERT whois_data (info, sync_date, domain_id)  VALUES ('% By submitting a query to RIPN\'s Whois Service\n% you agree to abide by the following terms of use:\n% http://www.ripn.net/about/servpol.html#3.2 (in Russian) \n% http://www.ripn.net/about/en/servpol.html#3.2 (in English).\n\ndomain:     RAMBLER.RU\nnserver:    ns2.rambler.ru. 81.19.66.61\nnserver:    ns3.rambler.ru. 81.19.66.62\nnserver:    ns4.rambler.ru. 81.19.67.89\nnserver:    ns5.rambler.ru. 81.19.67.90\nstate:      REGISTERED, DELEGATED, VERIFIED\norg:        Rambler Internet Holdings, LLC\nphone:      +7 495 9892909\nfax-no:     +7 495 9892908\ne-mail:     dns@rambler-co.ru\nregistrar:  RU-CENTER-REG-RIPN\ncreated:    1996.09.26\npaid-till:  2012.08.01\nsource:     TCI\n\nLast updated on 2011.10.23 09:55:46 MSK/MSD\n\n', NOW(), '3')
[09:00:31] Closing database connection
[09:00:31] WhoisInfo has been saved successfully
[09:00:31] In saveWhoisInfo
[09:00:31] Connected successfully
[09:00:31] Query: INSERT whois_data (info, sync_date, domain_id)  VALUES ('% By submitting a query to RIPN\'s Whois Service\n% you agree to abide by the following terms of use:\n% http://www.ripn.net/about/servpol.html#3.2 (in Russian) \n% http://www.ripn.net/about/en/servpol.html#3.2 (in English).\n\ndomain:     NEFART.RU\nnserver:    ns1.trinixy.com.\nnserver:    ns2.trinixy.com.\nstate:      REGISTERED, DELEGATED, VERIFIED\nperson:     Private Person\ne-mail:     admin@nefart.ru\nregistrar:  RU-CENTER-REG-RIPN\ncreated:    2009.03.26\npaid-till:  2012.03.26\nsource:     TCI\n\nLast updated on 2011.10.23 09:55:46 MSK/MSD\n\n', NOW(), '18')
[09:00:31] Closing database connection
[09:00:31] WhoisInfo has been saved successfully
[09:00:31] In saveWhoisInfo
[09:00:31] Connected successfully
[09:00:31] Query: INSERT whois_data (info, sync_date, domain_id)  VALUES ('% By submitting a query to RIPN\'s Whois Service\n% you agree to abide by the following terms of use:\n% http://www.ripn.net/about/servpol.html#3.2 (in Russian) \n% http://www.ripn.net/about/en/servpol.html#3.2 (in English).\n\ndomain:     WEBPARK.RU\nnserver:    ns1.imedia.ru.\nnserver:    ns2.imedia.ru.\nnserver:    ns3.imedia.ru.\nstate:      REGISTERED, DELEGATED, VERIFIED\norg:        United Press\nphone:      +7 095 2329262\nphone:      +7 095 2323200\nfax-no:     +7 095 2329272\ne-mail:     noc@imedia.ru\nregistrar:  RU-CENTER-REG-RIPN\ncreated:    2003.12.01\npaid-till:  2011.12.01\nsource:     TCI\n\nLast updated on 2011.10.23 09:55:46 MSK/MSD\n\n', NOW(), '16')
[09:00:31] Closing database connection
[09:00:31] WhoisInfo has been saved successfully
[09:00:31] In saveWhoisInfo
[09:00:31] Connected successfully
[09:00:31] Query: INSERT whois_data (info, sync_date, domain_id)  VALUES ('% By submitting a query to RIPN\'s Whois Service\n% you agree to abide by the following terms of use:\n% http://www.ripn.net/about/servpol.html#3.2 (in Russian) \n% http://www.ripn.net/about/en/servpol.html#3.2 (in English).\n\ndomain:     WAREZ.RU\nnserver:    ns1.sedoparking.com.\nnserver:    ns2.sedoparking.com.\nstate:      REGISTERED, DELEGATED, VERIFIED\norg:        Tevron Ltd\nphone:      +357 0000000\ne-mail:     tevron@poishi.com\nregistrar:  RU-CENTER-REG-RIPN\ncreated:    2001.03.05\npaid-till:  2012.03.06\nsource:     TCI\n\nLast updated on 2011.10.23 09:55:46 MSK/MSD\n\n', NOW(), '14')
[09:00:31] Closing database connection
[09:00:31] WhoisInfo has been saved successfully
